Classic Timing Analyzer report for SlowMult169
Wed Apr 27 04:54:13 2016
Quartus II Version 9.1 Build 222 10/21/2009 SJ Web Edition


---------------------
; Table of Contents ;
---------------------
  1. Legal Notice
  2. Timing Analyzer Summary
  3. Timing Analyzer Settings
  4. Clock Settings Summary
  5. Parallel Compilation
  6. Clock Setup: 'CLK'
  7. tsu
  8. tco
  9. tpd
 10. th
 11. Timing Analyzer Messages



----------------
; Legal Notice ;
----------------
Copyright (C) 1991-2009 Altera Corporation
Your use of Altera Corporation's design tools, logic functions 
and other software and tools, and its AMPP partner logic 
functions, and any output files from any of the foregoing 
(including device programming or simulation files), and any 
associated documentation or information are expressly subject 
to the terms and conditions of the Altera Program License 
Subscription Agreement, Altera MegaCore Function License 
Agreement, or other applicable license agreement, including, 
without limitation, that your use is for the sole purpose of 
programming logic devices manufactured by Altera and sold by 
Altera or its authorized distributors.  Please refer to the 
applicable agreement for further details.



+---------------------------------------------------------------------------------------------------------------------------------------------------------------------------------------+
; Timing Analyzer Summary                                                                                                                                                               ;
+------------------------------+-------+---------------+------------------------------------------------+----------------+-----------------------+------------+----------+--------------+
; Type                         ; Slack ; Required Time ; Actual Time                                    ; From           ; To                    ; From Clock ; To Clock ; Failed Paths ;
+------------------------------+-------+---------------+------------------------------------------------+----------------+-----------------------+------------+----------+--------------+
; Worst-case tsu               ; N/A   ; None          ; 3.921 ns                                       ; S              ; 74169:inst2|49        ; --         ; CLK      ; 0            ;
; Worst-case tco               ; N/A   ; None          ; 6.843 ns                                       ; 74169:inst2|29 ; CNTRB2                ; CLK        ; --       ; 0            ;
; Worst-case tpd               ; N/A   ; None          ; 8.436 ns                                       ; S              ; LDNAn                 ; --         ; --       ; 0            ;
; Worst-case th                ; N/A   ; None          ; -2.547 ns                                      ; S              ; SlowMult169:inst|Y.S0 ; --         ; CLK      ; 0            ;
; Clock Setup: 'CLK'           ; N/A   ; None          ; Restricted to 500.00 MHz ( period = 2.000 ns ) ; 74169:inst1|15 ; 74169:inst2|15        ; CLK        ; CLK      ; 0            ;
; Total number of failed paths ;       ;               ;                                                ;                ;                       ;            ;          ; 0            ;
+------------------------------+-------+---------------+------------------------------------------------+----------------+-----------------------+------------+----------+--------------+


+-----------------------------------------------------------------------------------------------------------------------------------------------------+
; Timing Analyzer Settings                                                                                                                            ;
+------------------------------------------------------------------------------------------------------+--------------------+------+----+-------------+
; Option                                                                                               ; Setting            ; From ; To ; Entity Name ;
+------------------------------------------------------------------------------------------------------+--------------------+------+----+-------------+
; Device Name                                                                                          ; EP2S15F484C3       ;      ;    ;             ;
; Timing Models                                                                                        ; Final              ;      ;    ;             ;
; Default hold multicycle                                                                              ; Same as Multicycle ;      ;    ;             ;
; Cut paths between unrelated clock domains                                                            ; On                 ;      ;    ;             ;
; Cut off read during write signal paths                                                               ; On                 ;      ;    ;             ;
; Cut off feedback from I/O pins                                                                       ; On                 ;      ;    ;             ;
; Report Combined Fast/Slow Timing                                                                     ; Off                ;      ;    ;             ;
; Ignore Clock Settings                                                                                ; Off                ;      ;    ;             ;
; Analyze latches as synchronous elements                                                              ; On                 ;      ;    ;             ;
; Enable Recovery/Removal analysis                                                                     ; Off                ;      ;    ;             ;
; Enable Clock Latency                                                                                 ; Off                ;      ;    ;             ;
; Use TimeQuest Timing Analyzer                                                                        ; Off                ;      ;    ;             ;
; Number of source nodes to report per destination node                                                ; 10                 ;      ;    ;             ;
; Number of destination nodes to report                                                                ; 10                 ;      ;    ;             ;
; Number of paths to report                                                                            ; 200                ;      ;    ;             ;
; Report Minimum Timing Checks                                                                         ; Off                ;      ;    ;             ;
; Use Fast Timing Models                                                                               ; Off                ;      ;    ;             ;
; Report IO Paths Separately                                                                           ; Off                ;      ;    ;             ;
; Perform Multicorner Analysis                                                                         ; On                 ;      ;    ;             ;
; Reports the worst-case path for each clock domain and analysis                                       ; Off                ;      ;    ;             ;
; Reports worst-case timing paths for each clock domain and analysis                                   ; Off                ;      ;    ;             ;
; Specifies the maximum number of worst-case timing paths to report for each clock domain and analysis ; 100                ;      ;    ;             ;
; Removes common clock path pessimism (CCPP) during slack computation                                  ; Off                ;      ;    ;             ;
; Output I/O Timing Endpoint                                                                           ; Near End           ;      ;    ;             ;
+------------------------------------------------------------------------------------------------------+--------------------+------+----+-------------+


+------------------------------------------------------------------------------------------------------------------------------------------------------------------------------------+
; Clock Settings Summary                                                                                                                                                             ;
+-----------------+--------------------+----------+------------------+---------------+--------------+----------+-----------------------+---------------------+--------+--------------+
; Clock Node Name ; Clock Setting Name ; Type     ; Fmax Requirement ; Early Latency ; Late Latency ; Based on ; Multiply Base Fmax by ; Divide Base Fmax by ; Offset ; Phase offset ;
+-----------------+--------------------+----------+------------------+---------------+--------------+----------+-----------------------+---------------------+--------+--------------+
; CLK             ;                    ; User Pin ; None             ; 0.000 ns      ; 0.000 ns     ; --       ; N/A                   ; N/A                 ; N/A    ;              ;
+-----------------+--------------------+----------+------------------+---------------+--------------+----------+-----------------------+---------------------+--------+--------------+


Parallel compilation was disabled, but you have multiple processors available. Enable parallel compilation to reduce compilation time.
+-------------------------------------+
; Parallel Compilation                ;
+----------------------------+--------+
; Processors                 ; Number ;
+----------------------------+--------+
; Number detected on machine ; 4      ;
; Maximum allowed            ; 1      ;
+----------------------------+--------+


+--------------------------------------------------------------------------------------------------------------------------------------------------------------------------------------------------------------------+
; Clock Setup: 'CLK'                                                                                                                                                                                                 ;
+-------+------------------------------------------------+-----------------------+-----------------------+------------+----------+-----------------------------+---------------------------+-------------------------+
; Slack ; Actual fmax (period)                           ; From                  ; To                    ; From Clock ; To Clock ; Required Setup Relationship ; Required Longest P2P Time ; Actual Longest P2P Time ;
+-------+------------------------------------------------+-----------------------+-----------------------+------------+----------+-----------------------------+---------------------------+-------------------------+
; N/A   ; Restricted to 500.00 MHz ( period = 2.000 ns ) ; 74169:inst1|15        ; 74169:inst2|29        ; CLK        ; CLK      ; None                        ; None                      ; 1.568 ns                ;
; N/A   ; Restricted to 500.00 MHz ( period = 2.000 ns ) ; 74169:inst1|15        ; 74169:inst2|15        ; CLK        ; CLK      ; None                        ; None                      ; 1.568 ns                ;
; N/A   ; Restricted to 500.00 MHz ( period = 2.000 ns ) ; 74169:inst1|3         ; 74169:inst1|49        ; CLK        ; CLK      ; None                        ; None                      ; 1.560 ns                ;
; N/A   ; Restricted to 500.00 MHz ( period = 2.000 ns ) ; 74169:inst1|15        ; 74169:inst1|15        ; CLK        ; CLK      ; None                        ; None                      ; 1.557 ns                ;
; N/A   ; Restricted to 500.00 MHz ( period = 2.000 ns ) ; 74169:inst1|49        ; 74169:inst1|49        ; CLK        ; CLK      ; None                        ; None                      ; 1.504 ns                ;
; N/A   ; Restricted to 500.00 MHz ( period = 2.000 ns ) ; 74169:inst1|49        ; 74169:inst1|15        ; CLK        ; CLK      ; None                        ; None                      ; 1.499 ns                ;
; N/A   ; Restricted to 500.00 MHz ( period = 2.000 ns ) ; SlowMult169:inst|Y.S2 ; 74169:inst1|49        ; CLK        ; CLK      ; None                        ; None                      ; 1.490 ns                ;
; N/A   ; Restricted to 500.00 MHz ( period = 2.000 ns ) ; SlowMult169:inst|Y.S2 ; 74169:inst1|29        ; CLK        ; CLK      ; None                        ; None                      ; 1.463 ns                ;
; N/A   ; Restricted to 500.00 MHz ( period = 2.000 ns ) ; 74169:inst2|3         ; 74169:inst1|3         ; CLK        ; CLK      ; None                        ; None                      ; 1.464 ns                ;
; N/A   ; Restricted to 500.00 MHz ( period = 2.000 ns ) ; 74169:inst1|15        ; 74169:inst3|15        ; CLK        ; CLK      ; None                        ; None                      ; 1.457 ns                ;
; N/A   ; Restricted to 500.00 MHz ( period = 2.000 ns ) ; 74169:inst1|15        ; 74169:inst3|29        ; CLK        ; CLK      ; None                        ; None                      ; 1.455 ns                ;
; N/A   ; Restricted to 500.00 MHz ( period = 2.000 ns ) ; 74169:inst1|3         ; 74169:inst1|15        ; CLK        ; CLK      ; None                        ; None                      ; 1.456 ns                ;
; N/A   ; Restricted to 500.00 MHz ( period = 2.000 ns ) ; 74169:inst1|15        ; 74169:inst1|3         ; CLK        ; CLK      ; None                        ; None                      ; 1.456 ns                ;
; N/A   ; Restricted to 500.00 MHz ( period = 2.000 ns ) ; 74169:inst1|15        ; 74169:inst2|49        ; CLK        ; CLK      ; None                        ; None                      ; 1.450 ns                ;
; N/A   ; Restricted to 500.00 MHz ( period = 2.000 ns ) ; 74169:inst1|49        ; 74169:inst2|29        ; CLK        ; CLK      ; None                        ; None                      ; 1.445 ns                ;
; N/A   ; Restricted to 500.00 MHz ( period = 2.000 ns ) ; 74169:inst1|49        ; 74169:inst2|15        ; CLK        ; CLK      ; None                        ; None                      ; 1.445 ns                ;
; N/A   ; Restricted to 500.00 MHz ( period = 2.000 ns ) ; 74169:inst2|3         ; 74169:inst1|49        ; CLK        ; CLK      ; None                        ; None                      ; 1.444 ns                ;
; N/A   ; Restricted to 500.00 MHz ( period = 2.000 ns ) ; 74169:inst2|3         ; SlowMult169:inst|Y.S2 ; CLK        ; CLK      ; None                        ; None                      ; 1.444 ns                ;
; N/A   ; Restricted to 500.00 MHz ( period = 2.000 ns ) ; 74169:inst1|15        ; 74169:inst3|3         ; CLK        ; CLK      ; None                        ; None                      ; 1.424 ns                ;
; N/A   ; Restricted to 500.00 MHz ( period = 2.000 ns ) ; SlowMult169:inst|Y.S2 ; 74169:inst2|29        ; CLK        ; CLK      ; None                        ; None                      ; 1.404 ns                ;
; N/A   ; Restricted to 500.00 MHz ( period = 2.000 ns ) ; SlowMult169:inst|Y.S2 ; 74169:inst2|15        ; CLK        ; CLK      ; None                        ; None                      ; 1.404 ns                ;
; N/A   ; Restricted to 500.00 MHz ( period = 2.000 ns ) ; 74169:inst1|29        ; 74169:inst2|29        ; CLK        ; CLK      ; None                        ; None                      ; 1.404 ns                ;
; N/A   ; Restricted to 500.00 MHz ( period = 2.000 ns ) ; 74169:inst1|29        ; 74169:inst2|15        ; CLK        ; CLK      ; None                        ; None                      ; 1.404 ns                ;
; N/A   ; Restricted to 500.00 MHz ( period = 2.000 ns ) ; 74169:inst1|49        ; 74169:inst1|29        ; CLK        ; CLK      ; None                        ; None                      ; 1.397 ns                ;
; N/A   ; Restricted to 500.00 MHz ( period = 2.000 ns ) ; 74169:inst1|29        ; 74169:inst1|29        ; CLK        ; CLK      ; None                        ; None                      ; 1.389 ns                ;
; N/A   ; Restricted to 500.00 MHz ( period = 2.000 ns ) ; SlowMult169:inst|Y.S0 ; 74169:inst2|49        ; CLK        ; CLK      ; None                        ; None                      ; 1.375 ns                ;
; N/A   ; Restricted to 500.00 MHz ( period = 2.000 ns ) ; 74169:inst2|3         ; SlowMult169:inst|Y.S4 ; CLK        ; CLK      ; None                        ; None                      ; 1.367 ns                ;
; N/A   ; Restricted to 500.00 MHz ( period = 2.000 ns ) ; 74169:inst2|3         ; 74169:inst1|29        ; CLK        ; CLK      ; None                        ; None                      ; 1.360 ns                ;
; N/A   ; Restricted to 500.00 MHz ( period = 2.000 ns ) ; 74169:inst1|15        ; 74169:inst1|49        ; CLK        ; CLK      ; None                        ; None                      ; 1.351 ns                ;
; N/A   ; Restricted to 500.00 MHz ( period = 2.000 ns ) ; 74169:inst1|15        ; 74169:inst1|29        ; CLK        ; CLK      ; None                        ; None                      ; 1.345 ns                ;
; N/A   ; Restricted to 500.00 MHz ( period = 2.000 ns ) ; 74169:inst1|49        ; 74169:inst3|15        ; CLK        ; CLK      ; None                        ; None                      ; 1.334 ns                ;
; N/A   ; Restricted to 500.00 MHz ( period = 2.000 ns ) ; 74169:inst1|49        ; 74169:inst3|29        ; CLK        ; CLK      ; None                        ; None                      ; 1.332 ns                ;
; N/A   ; Restricted to 500.00 MHz ( period = 2.000 ns ) ; 74169:inst1|49        ; 74169:inst1|3         ; CLK        ; CLK      ; None                        ; None                      ; 1.333 ns                ;
; N/A   ; Restricted to 500.00 MHz ( period = 2.000 ns ) ; 74169:inst4|15        ; 74169:inst4|29        ; CLK        ; CLK      ; None                        ; None                      ; 1.332 ns                ;
; N/A   ; Restricted to 500.00 MHz ( period = 2.000 ns ) ; 74169:inst2|3         ; 74169:inst2|29        ; CLK        ; CLK      ; None                        ; None                      ; 1.329 ns                ;
; N/A   ; Restricted to 500.00 MHz ( period = 2.000 ns ) ; 74169:inst2|3         ; 74169:inst2|49        ; CLK        ; CLK      ; None                        ; None                      ; 1.327 ns                ;
; N/A   ; Restricted to 500.00 MHz ( period = 2.000 ns ) ; 74169:inst1|49        ; 74169:inst2|49        ; CLK        ; CLK      ; None                        ; None                      ; 1.327 ns                ;
; N/A   ; Restricted to 500.00 MHz ( period = 2.000 ns ) ; SlowMult169:inst|Y.S0 ; 74169:inst2|3         ; CLK        ; CLK      ; None                        ; None                      ; 1.321 ns                ;
; N/A   ; Restricted to 500.00 MHz ( period = 2.000 ns ) ; SlowMult169:inst|Y.S0 ; 74169:inst1|15        ; CLK        ; CLK      ; None                        ; None                      ; 1.321 ns                ;
; N/A   ; Restricted to 500.00 MHz ( period = 2.000 ns ) ; SlowMult169:inst|Y.S0 ; 74169:inst2|29        ; CLK        ; CLK      ; None                        ; None                      ; 1.317 ns                ;
; N/A   ; Restricted to 500.00 MHz ( period = 2.000 ns ) ; SlowMult169:inst|Y.S0 ; 74169:inst2|15        ; CLK        ; CLK      ; None                        ; None                      ; 1.317 ns                ;
; N/A   ; Restricted to 500.00 MHz ( period = 2.000 ns ) ; 74169:inst1|49        ; 74169:inst4|29        ; CLK        ; CLK      ; None                        ; None                      ; 1.304 ns                ;
; N/A   ; Restricted to 500.00 MHz ( period = 2.000 ns ) ; 74169:inst1|49        ; 74169:inst4|3         ; CLK        ; CLK      ; None                        ; None                      ; 1.303 ns                ;
; N/A   ; Restricted to 500.00 MHz ( period = 2.000 ns ) ; 74169:inst1|49        ; 74169:inst3|49        ; CLK        ; CLK      ; None                        ; None                      ; 1.301 ns                ;
; N/A   ; Restricted to 500.00 MHz ( period = 2.000 ns ) ; 74169:inst1|49        ; 74169:inst4|15        ; CLK        ; CLK      ; None                        ; None                      ; 1.301 ns                ;
; N/A   ; Restricted to 500.00 MHz ( period = 2.000 ns ) ; SlowMult169:inst|Y.S2 ; 74169:inst1|15        ; CLK        ; CLK      ; None                        ; None                      ; 1.302 ns                ;
; N/A   ; Restricted to 500.00 MHz ( period = 2.000 ns ) ; 74169:inst1|49        ; 74169:inst3|3         ; CLK        ; CLK      ; None                        ; None                      ; 1.301 ns                ;
; N/A   ; Restricted to 500.00 MHz ( period = 2.000 ns ) ; 74169:inst1|3         ; 74169:inst2|29        ; CLK        ; CLK      ; None                        ; None                      ; 1.301 ns                ;
; N/A   ; Restricted to 500.00 MHz ( period = 2.000 ns ) ; 74169:inst1|3         ; 74169:inst2|15        ; CLK        ; CLK      ; None                        ; None                      ; 1.301 ns                ;
; N/A   ; Restricted to 500.00 MHz ( period = 2.000 ns ) ; 74169:inst1|49        ; 74169:inst4|49        ; CLK        ; CLK      ; None                        ; None                      ; 1.298 ns                ;
; N/A   ; Restricted to 500.00 MHz ( period = 2.000 ns ) ; 74169:inst2|3         ; 74169:inst1|15        ; CLK        ; CLK      ; None                        ; None                      ; 1.290 ns                ;
; N/A   ; Restricted to 500.00 MHz ( period = 2.000 ns ) ; SlowMult169:inst|Y.S2 ; 74169:inst2|49        ; CLK        ; CLK      ; None                        ; None                      ; 1.286 ns                ;
; N/A   ; Restricted to 500.00 MHz ( period = 2.000 ns ) ; 74169:inst1|29        ; 74169:inst2|49        ; CLK        ; CLK      ; None                        ; None                      ; 1.286 ns                ;
; N/A   ; Restricted to 500.00 MHz ( period = 2.000 ns ) ; 74169:inst2|29        ; 74169:inst1|3         ; CLK        ; CLK      ; None                        ; None                      ; 1.281 ns                ;
; N/A   ; Restricted to 500.00 MHz ( period = 2.000 ns ) ; SlowMult169:inst|Y.S0 ; 74169:inst1|3         ; CLK        ; CLK      ; None                        ; None                      ; 1.273 ns                ;
; N/A   ; Restricted to 500.00 MHz ( period = 2.000 ns ) ; 74169:inst1|29        ; 74169:inst3|15        ; CLK        ; CLK      ; None                        ; None                      ; 1.270 ns                ;
; N/A   ; Restricted to 500.00 MHz ( period = 2.000 ns ) ; 74169:inst1|15        ; SlowMult169:inst|Y.S3 ; CLK        ; CLK      ; None                        ; None                      ; 1.267 ns                ;
; N/A   ; Restricted to 500.00 MHz ( period = 2.000 ns ) ; 74169:inst1|29        ; 74169:inst3|29        ; CLK        ; CLK      ; None                        ; None                      ; 1.268 ns                ;
; N/A   ; Restricted to 500.00 MHz ( period = 2.000 ns ) ; 74169:inst1|29        ; 74169:inst1|3         ; CLK        ; CLK      ; None                        ; None                      ; 1.269 ns                ;
; N/A   ; Restricted to 500.00 MHz ( period = 2.000 ns ) ; 74169:inst3|15        ; 74169:inst4|49        ; CLK        ; CLK      ; None                        ; None                      ; 1.265 ns                ;
; N/A   ; Restricted to 500.00 MHz ( period = 2.000 ns ) ; 74169:inst2|15        ; 74169:inst1|3         ; CLK        ; CLK      ; None                        ; None                      ; 1.264 ns                ;
; N/A   ; Restricted to 500.00 MHz ( period = 2.000 ns ) ; 74169:inst2|29        ; 74169:inst1|49        ; CLK        ; CLK      ; None                        ; None                      ; 1.261 ns                ;
; N/A   ; Restricted to 500.00 MHz ( period = 2.000 ns ) ; 74169:inst2|29        ; SlowMult169:inst|Y.S2 ; CLK        ; CLK      ; None                        ; None                      ; 1.261 ns                ;
; N/A   ; Restricted to 500.00 MHz ( period = 2.000 ns ) ; 74169:inst2|15        ; 74169:inst2|29        ; CLK        ; CLK      ; None                        ; None                      ; 1.251 ns                ;
; N/A   ; Restricted to 500.00 MHz ( period = 2.000 ns ) ; 74169:inst2|15        ; 74169:inst2|49        ; CLK        ; CLK      ; None                        ; None                      ; 1.249 ns                ;
; N/A   ; Restricted to 500.00 MHz ( period = 2.000 ns ) ; 74169:inst2|15        ; 74169:inst1|49        ; CLK        ; CLK      ; None                        ; None                      ; 1.244 ns                ;
; N/A   ; Restricted to 500.00 MHz ( period = 2.000 ns ) ; 74169:inst2|15        ; SlowMult169:inst|Y.S2 ; CLK        ; CLK      ; None                        ; None                      ; 1.244 ns                ;
; N/A   ; Restricted to 500.00 MHz ( period = 2.000 ns ) ; SlowMult169:inst|Y.S2 ; 74169:inst4|29        ; CLK        ; CLK      ; None                        ; None                      ; 1.239 ns                ;
; N/A   ; Restricted to 500.00 MHz ( period = 2.000 ns ) ; 74169:inst4|15        ; 74169:inst4|49        ; CLK        ; CLK      ; None                        ; None                      ; 1.242 ns                ;
; N/A   ; Restricted to 500.00 MHz ( period = 2.000 ns ) ; SlowMult169:inst|Y.S2 ; 74169:inst4|3         ; CLK        ; CLK      ; None                        ; None                      ; 1.238 ns                ;
; N/A   ; Restricted to 500.00 MHz ( period = 2.000 ns ) ; SlowMult169:inst|Y.S2 ; 74169:inst3|49        ; CLK        ; CLK      ; None                        ; None                      ; 1.236 ns                ;
; N/A   ; Restricted to 500.00 MHz ( period = 2.000 ns ) ; SlowMult169:inst|Y.S2 ; 74169:inst4|15        ; CLK        ; CLK      ; None                        ; None                      ; 1.236 ns                ;
; N/A   ; Restricted to 500.00 MHz ( period = 2.000 ns ) ; SlowMult169:inst|Y.S2 ; 74169:inst4|49        ; CLK        ; CLK      ; None                        ; None                      ; 1.233 ns                ;
; N/A   ; Restricted to 500.00 MHz ( period = 2.000 ns ) ; 74169:inst1|29        ; 74169:inst3|3         ; CLK        ; CLK      ; None                        ; None                      ; 1.237 ns                ;
; N/A   ; Restricted to 500.00 MHz ( period = 2.000 ns ) ; SlowMult169:inst|Y.S0 ; 74169:inst1|49        ; CLK        ; CLK      ; None                        ; None                      ; 1.235 ns                ;
; N/A   ; Restricted to 500.00 MHz ( period = 2.000 ns ) ; 74169:inst1|29        ; 74169:inst1|49        ; CLK        ; CLK      ; None                        ; None                      ; 1.227 ns                ;
; N/A   ; Restricted to 500.00 MHz ( period = 2.000 ns ) ; 74169:inst1|29        ; 74169:inst1|15        ; CLK        ; CLK      ; None                        ; None                      ; 1.221 ns                ;
; N/A   ; Restricted to 500.00 MHz ( period = 2.000 ns ) ; SlowMult169:inst|Y.S2 ; 74169:inst3|15        ; CLK        ; CLK      ; None                        ; None                      ; 1.214 ns                ;
; N/A   ; Restricted to 500.00 MHz ( period = 2.000 ns ) ; 74169:inst3|15        ; 74169:inst4|15        ; CLK        ; CLK      ; None                        ; None                      ; 1.217 ns                ;
; N/A   ; Restricted to 500.00 MHz ( period = 2.000 ns ) ; SlowMult169:inst|Y.S2 ; 74169:inst3|29        ; CLK        ; CLK      ; None                        ; None                      ; 1.212 ns                ;
; N/A   ; Restricted to 500.00 MHz ( period = 2.000 ns ) ; SlowMult169:inst|Y.S2 ; 74169:inst1|3         ; CLK        ; CLK      ; None                        ; None                      ; 1.213 ns                ;
; N/A   ; Restricted to 500.00 MHz ( period = 2.000 ns ) ; 74169:inst3|15        ; 74169:inst4|3         ; CLK        ; CLK      ; None                        ; None                      ; 1.211 ns                ;
; N/A   ; Restricted to 500.00 MHz ( period = 2.000 ns ) ; 74169:inst3|15        ; 74169:inst4|29        ; CLK        ; CLK      ; None                        ; None                      ; 1.206 ns                ;
; N/A   ; Restricted to 500.00 MHz ( period = 2.000 ns ) ; 74169:inst3|49        ; 74169:inst4|49        ; CLK        ; CLK      ; None                        ; None                      ; 1.199 ns                ;
; N/A   ; Restricted to 500.00 MHz ( period = 2.000 ns ) ; 74169:inst1|15        ; 74169:inst2|3         ; CLK        ; CLK      ; None                        ; None                      ; 1.197 ns                ;
; N/A   ; Restricted to 500.00 MHz ( period = 2.000 ns ) ; 74169:inst1|3         ; 74169:inst3|15        ; CLK        ; CLK      ; None                        ; None                      ; 1.189 ns                ;
; N/A   ; Restricted to 500.00 MHz ( period = 2.000 ns ) ; 74169:inst1|3         ; 74169:inst3|29        ; CLK        ; CLK      ; None                        ; None                      ; 1.187 ns                ;
; N/A   ; Restricted to 500.00 MHz ( period = 2.000 ns ) ; 74169:inst1|3         ; 74169:inst1|3         ; CLK        ; CLK      ; None                        ; None                      ; 1.188 ns                ;
; N/A   ; Restricted to 500.00 MHz ( period = 2.000 ns ) ; 74169:inst2|29        ; SlowMult169:inst|Y.S4 ; CLK        ; CLK      ; None                        ; None                      ; 1.184 ns                ;
; N/A   ; Restricted to 500.00 MHz ( period = 2.000 ns ) ; 74169:inst1|3         ; 74169:inst2|49        ; CLK        ; CLK      ; None                        ; None                      ; 1.183 ns                ;
; N/A   ; Restricted to 500.00 MHz ( period = 2.000 ns ) ; SlowMult169:inst|Y.S2 ; 74169:inst3|3         ; CLK        ; CLK      ; None                        ; None                      ; 1.181 ns                ;
; N/A   ; Restricted to 500.00 MHz ( period = 2.000 ns ) ; 74169:inst2|29        ; 74169:inst1|29        ; CLK        ; CLK      ; None                        ; None                      ; 1.177 ns                ;
; N/A   ; Restricted to 500.00 MHz ( period = 2.000 ns ) ; 74169:inst1|3         ; 74169:inst1|29        ; CLK        ; CLK      ; None                        ; None                      ; 1.175 ns                ;
; N/A   ; Restricted to 500.00 MHz ( period = 2.000 ns ) ; 74169:inst2|15        ; SlowMult169:inst|Y.S4 ; CLK        ; CLK      ; None                        ; None                      ; 1.167 ns                ;
; N/A   ; Restricted to 500.00 MHz ( period = 2.000 ns ) ; 74169:inst2|15        ; 74169:inst1|29        ; CLK        ; CLK      ; None                        ; None                      ; 1.160 ns                ;
; N/A   ; Restricted to 500.00 MHz ( period = 2.000 ns ) ; 74169:inst1|3         ; 74169:inst3|3         ; CLK        ; CLK      ; None                        ; None                      ; 1.156 ns                ;
; N/A   ; Restricted to 500.00 MHz ( period = 2.000 ns ) ; 74169:inst3|49        ; 74169:inst4|15        ; CLK        ; CLK      ; None                        ; None                      ; 1.151 ns                ;
; N/A   ; Restricted to 500.00 MHz ( period = 2.000 ns ) ; 74169:inst1|49        ; SlowMult169:inst|Y.S3 ; CLK        ; CLK      ; None                        ; None                      ; 1.144 ns                ;
; N/A   ; Restricted to 500.00 MHz ( period = 2.000 ns ) ; 74169:inst3|49        ; 74169:inst4|3         ; CLK        ; CLK      ; None                        ; None                      ; 1.145 ns                ;
; N/A   ; Restricted to 500.00 MHz ( period = 2.000 ns ) ; 74169:inst4|3         ; 74169:inst4|29        ; CLK        ; CLK      ; None                        ; None                      ; 1.142 ns                ;
; N/A   ; Restricted to 500.00 MHz ( period = 2.000 ns ) ; 74169:inst3|49        ; 74169:inst4|29        ; CLK        ; CLK      ; None                        ; None                      ; 1.140 ns                ;
; N/A   ; Restricted to 500.00 MHz ( period = 2.000 ns ) ; 74169:inst1|15        ; 74169:inst4|29        ; CLK        ; CLK      ; None                        ; None                      ; 1.134 ns                ;
; N/A   ; Restricted to 500.00 MHz ( period = 2.000 ns ) ; 74169:inst1|15        ; 74169:inst4|3         ; CLK        ; CLK      ; None                        ; None                      ; 1.133 ns                ;
; N/A   ; Restricted to 500.00 MHz ( period = 2.000 ns ) ; 74169:inst1|15        ; 74169:inst3|49        ; CLK        ; CLK      ; None                        ; None                      ; 1.131 ns                ;
; N/A   ; Restricted to 500.00 MHz ( period = 2.000 ns ) ; 74169:inst1|15        ; 74169:inst4|15        ; CLK        ; CLK      ; None                        ; None                      ; 1.131 ns                ;
; N/A   ; Restricted to 500.00 MHz ( period = 2.000 ns ) ; 74169:inst1|15        ; 74169:inst4|49        ; CLK        ; CLK      ; None                        ; None                      ; 1.128 ns                ;
; N/A   ; Restricted to 500.00 MHz ( period = 2.000 ns ) ; SlowMult169:inst|Y.S0 ; 74169:inst4|49        ; CLK        ; CLK      ; None                        ; None                      ; 1.131 ns                ;
; N/A   ; Restricted to 500.00 MHz ( period = 2.000 ns ) ; 74169:inst3|29        ; 74169:inst4|29        ; CLK        ; CLK      ; None                        ; None                      ; 1.124 ns                ;
; N/A   ; Restricted to 500.00 MHz ( period = 2.000 ns ) ; 74169:inst3|29        ; 74169:inst4|3         ; CLK        ; CLK      ; None                        ; None                      ; 1.123 ns                ;
; N/A   ; Restricted to 500.00 MHz ( period = 2.000 ns ) ; 74169:inst3|29        ; 74169:inst3|49        ; CLK        ; CLK      ; None                        ; None                      ; 1.121 ns                ;
; N/A   ; Restricted to 500.00 MHz ( period = 2.000 ns ) ; 74169:inst3|29        ; 74169:inst4|15        ; CLK        ; CLK      ; None                        ; None                      ; 1.121 ns                ;
; N/A   ; Restricted to 500.00 MHz ( period = 2.000 ns ) ; SlowMult169:inst|Y.S0 ; 74169:inst1|29        ; CLK        ; CLK      ; None                        ; None                      ; 1.120 ns                ;
; N/A   ; Restricted to 500.00 MHz ( period = 2.000 ns ) ; SlowMult169:inst|Y.S0 ; 74169:inst3|15        ; CLK        ; CLK      ; None                        ; None                      ; 1.120 ns                ;
; N/A   ; Restricted to 500.00 MHz ( period = 2.000 ns ) ; 74169:inst3|29        ; 74169:inst4|49        ; CLK        ; CLK      ; None                        ; None                      ; 1.118 ns                ;
; N/A   ; Restricted to 500.00 MHz ( period = 2.000 ns ) ; SlowMult169:inst|Y.S0 ; 74169:inst4|15        ; CLK        ; CLK      ; None                        ; None                      ; 1.115 ns                ;
; N/A   ; Restricted to 500.00 MHz ( period = 2.000 ns ) ; SlowMult169:inst|Y.S0 ; 74169:inst3|29        ; CLK        ; CLK      ; None                        ; None                      ; 1.114 ns                ;
; N/A   ; Restricted to 500.00 MHz ( period = 2.000 ns ) ; SlowMult169:inst|Y.S0 ; 74169:inst4|3         ; CLK        ; CLK      ; None                        ; None                      ; 1.114 ns                ;
; N/A   ; Restricted to 500.00 MHz ( period = 2.000 ns ) ; SlowMult169:inst|Y.S0 ; 74169:inst4|29        ; CLK        ; CLK      ; None                        ; None                      ; 1.114 ns                ;
; N/A   ; Restricted to 500.00 MHz ( period = 2.000 ns ) ; SlowMult169:inst|Y.S0 ; 74169:inst3|49        ; CLK        ; CLK      ; None                        ; None                      ; 1.113 ns                ;
; N/A   ; Restricted to 500.00 MHz ( period = 2.000 ns ) ; 74169:inst2|29        ; 74169:inst1|15        ; CLK        ; CLK      ; None                        ; None                      ; 1.107 ns                ;
; N/A   ; Restricted to 500.00 MHz ( period = 2.000 ns ) ; SlowMult169:inst|Y.S2 ; SlowMult169:inst|Y.S3 ; CLK        ; CLK      ; None                        ; None                      ; 1.103 ns                ;
; N/A   ; Restricted to 500.00 MHz ( period = 2.000 ns ) ; 74169:inst1|29        ; SlowMult169:inst|Y.S3 ; CLK        ; CLK      ; None                        ; None                      ; 1.103 ns                ;
; N/A   ; Restricted to 500.00 MHz ( period = 2.000 ns ) ; 74169:inst2|15        ; 74169:inst1|15        ; CLK        ; CLK      ; None                        ; None                      ; 1.090 ns                ;
; N/A   ; Restricted to 500.00 MHz ( period = 2.000 ns ) ; 74169:inst3|3         ; 74169:inst4|49        ; CLK        ; CLK      ; None                        ; None                      ; 1.086 ns                ;
; N/A   ; Restricted to 500.00 MHz ( period = 2.000 ns ) ; 74169:inst1|29        ; 74169:inst4|29        ; CLK        ; CLK      ; None                        ; None                      ; 1.078 ns                ;
; N/A   ; Restricted to 500.00 MHz ( period = 2.000 ns ) ; SlowMult169:inst|Y.S3 ; 74169:inst1|49        ; CLK        ; CLK      ; None                        ; None                      ; 1.078 ns                ;
; N/A   ; Restricted to 500.00 MHz ( period = 2.000 ns ) ; SlowMult169:inst|Y.S3 ; SlowMult169:inst|Y.S2 ; CLK        ; CLK      ; None                        ; None                      ; 1.078 ns                ;
; N/A   ; Restricted to 500.00 MHz ( period = 2.000 ns ) ; 74169:inst1|29        ; 74169:inst4|3         ; CLK        ; CLK      ; None                        ; None                      ; 1.077 ns                ;
; N/A   ; Restricted to 500.00 MHz ( period = 2.000 ns ) ; 74169:inst2|49        ; 74169:inst1|3         ; CLK        ; CLK      ; None                        ; None                      ; 1.076 ns                ;
; N/A   ; Restricted to 500.00 MHz ( period = 2.000 ns ) ; 74169:inst1|29        ; 74169:inst3|49        ; CLK        ; CLK      ; None                        ; None                      ; 1.075 ns                ;
; N/A   ; Restricted to 500.00 MHz ( period = 2.000 ns ) ; 74169:inst1|29        ; 74169:inst4|15        ; CLK        ; CLK      ; None                        ; None                      ; 1.075 ns                ;
; N/A   ; Restricted to 500.00 MHz ( period = 2.000 ns ) ; 74169:inst1|49        ; 74169:inst2|3         ; CLK        ; CLK      ; None                        ; None                      ; 1.074 ns                ;
; N/A   ; Restricted to 500.00 MHz ( period = 2.000 ns ) ; SlowMult169:inst|Y.S3 ; 74169:inst1|15        ; CLK        ; CLK      ; None                        ; None                      ; 1.074 ns                ;
; N/A   ; Restricted to 500.00 MHz ( period = 2.000 ns ) ; 74169:inst1|29        ; 74169:inst4|49        ; CLK        ; CLK      ; None                        ; None                      ; 1.072 ns                ;
; N/A   ; Restricted to 500.00 MHz ( period = 2.000 ns ) ; 74169:inst2|29        ; 74169:inst2|49        ; CLK        ; CLK      ; None                        ; None                      ; 1.062 ns                ;
; N/A   ; Restricted to 500.00 MHz ( period = 2.000 ns ) ; 74169:inst2|49        ; 74169:inst1|49        ; CLK        ; CLK      ; None                        ; None                      ; 1.056 ns                ;
; N/A   ; Restricted to 500.00 MHz ( period = 2.000 ns ) ; 74169:inst2|49        ; SlowMult169:inst|Y.S2 ; CLK        ; CLK      ; None                        ; None                      ; 1.056 ns                ;
; N/A   ; Restricted to 500.00 MHz ( period = 2.000 ns ) ; 74169:inst4|3         ; 74169:inst4|49        ; CLK        ; CLK      ; None                        ; None                      ; 1.052 ns                ;
; N/A   ; Restricted to 500.00 MHz ( period = 2.000 ns ) ; 74169:inst1|15        ; SlowMult169:inst|Y.S4 ; CLK        ; CLK      ; None                        ; None                      ; 1.048 ns                ;
; N/A   ; Restricted to 500.00 MHz ( period = 2.000 ns ) ; 74169:inst1|15        ; SlowMult169:inst|Y.S2 ; CLK        ; CLK      ; None                        ; None                      ; 1.042 ns                ;
; N/A   ; Restricted to 500.00 MHz ( period = 2.000 ns ) ; 74169:inst3|3         ; 74169:inst4|15        ; CLK        ; CLK      ; None                        ; None                      ; 1.038 ns                ;
; N/A   ; Restricted to 500.00 MHz ( period = 2.000 ns ) ; 74169:inst1|3         ; 74169:inst4|29        ; CLK        ; CLK      ; None                        ; None                      ; 1.034 ns                ;
; N/A   ; Restricted to 500.00 MHz ( period = 2.000 ns ) ; 74169:inst1|3         ; 74169:inst4|3         ; CLK        ; CLK      ; None                        ; None                      ; 1.033 ns                ;
; N/A   ; Restricted to 500.00 MHz ( period = 2.000 ns ) ; 74169:inst1|3         ; 74169:inst3|49        ; CLK        ; CLK      ; None                        ; None                      ; 1.031 ns                ;
; N/A   ; Restricted to 500.00 MHz ( period = 2.000 ns ) ; 74169:inst3|3         ; 74169:inst4|3         ; CLK        ; CLK      ; None                        ; None                      ; 1.032 ns                ;
; N/A   ; Restricted to 500.00 MHz ( period = 2.000 ns ) ; 74169:inst1|3         ; 74169:inst4|15        ; CLK        ; CLK      ; None                        ; None                      ; 1.031 ns                ;
; N/A   ; Restricted to 500.00 MHz ( period = 2.000 ns ) ; SlowMult169:inst|Y.S2 ; 74169:inst2|3         ; CLK        ; CLK      ; None                        ; None                      ; 1.033 ns                ;
; N/A   ; Restricted to 500.00 MHz ( period = 2.000 ns ) ; 74169:inst1|3         ; 74169:inst4|49        ; CLK        ; CLK      ; None                        ; None                      ; 1.028 ns                ;
; N/A   ; Restricted to 500.00 MHz ( period = 2.000 ns ) ; 74169:inst1|29        ; 74169:inst2|3         ; CLK        ; CLK      ; None                        ; None                      ; 1.033 ns                ;
; N/A   ; Restricted to 500.00 MHz ( period = 2.000 ns ) ; 74169:inst3|3         ; 74169:inst4|29        ; CLK        ; CLK      ; None                        ; None                      ; 1.027 ns                ;
; N/A   ; Restricted to 500.00 MHz ( period = 2.000 ns ) ; SlowMult169:inst|Y.S0 ; 74169:inst3|3         ; CLK        ; CLK      ; None                        ; None                      ; 1.026 ns                ;
; N/A   ; Restricted to 500.00 MHz ( period = 2.000 ns ) ; 74169:inst1|29        ; SlowMult169:inst|Y.S4 ; CLK        ; CLK      ; None                        ; None                      ; 1.006 ns                ;
; N/A   ; Restricted to 500.00 MHz ( period = 2.000 ns ) ; 74169:inst1|3         ; SlowMult169:inst|Y.S3 ; CLK        ; CLK      ; None                        ; None                      ; 1.000 ns                ;
; N/A   ; Restricted to 500.00 MHz ( period = 2.000 ns ) ; 74169:inst1|29        ; SlowMult169:inst|Y.S2 ; CLK        ; CLK      ; None                        ; None                      ; 1.000 ns                ;
; N/A   ; Restricted to 500.00 MHz ( period = 2.000 ns ) ; SlowMult169:inst|Y.S0 ; SlowMult169:inst|Y.S1 ; CLK        ; CLK      ; None                        ; None                      ; 0.985 ns                ;
; N/A   ; Restricted to 500.00 MHz ( period = 2.000 ns ) ; 74169:inst2|49        ; SlowMult169:inst|Y.S4 ; CLK        ; CLK      ; None                        ; None                      ; 0.979 ns                ;
; N/A   ; Restricted to 500.00 MHz ( period = 2.000 ns ) ; 74169:inst2|49        ; 74169:inst1|29        ; CLK        ; CLK      ; None                        ; None                      ; 0.972 ns                ;
; N/A   ; Restricted to 500.00 MHz ( period = 2.000 ns ) ; SlowMult169:inst|Y.S3 ; 74169:inst1|3         ; CLK        ; CLK      ; None                        ; None                      ; 0.957 ns                ;
; N/A   ; Restricted to 500.00 MHz ( period = 2.000 ns ) ; 74169:inst1|3         ; SlowMult169:inst|Y.S4 ; CLK        ; CLK      ; None                        ; None                      ; 0.944 ns                ;
; N/A   ; Restricted to 500.00 MHz ( period = 2.000 ns ) ; 74169:inst1|3         ; SlowMult169:inst|Y.S2 ; CLK        ; CLK      ; None                        ; None                      ; 0.938 ns                ;
; N/A   ; Restricted to 500.00 MHz ( period = 2.000 ns ) ; 74169:inst1|3         ; 74169:inst2|3         ; CLK        ; CLK      ; None                        ; None                      ; 0.930 ns                ;
; N/A   ; Restricted to 500.00 MHz ( period = 2.000 ns ) ; 74169:inst2|49        ; 74169:inst1|15        ; CLK        ; CLK      ; None                        ; None                      ; 0.902 ns                ;
; N/A   ; Restricted to 500.00 MHz ( period = 2.000 ns ) ; 74169:inst3|3         ; 74169:inst3|15        ; CLK        ; CLK      ; None                        ; None                      ; 0.884 ns                ;
; N/A   ; Restricted to 500.00 MHz ( period = 2.000 ns ) ; 74169:inst1|49        ; SlowMult169:inst|Y.S4 ; CLK        ; CLK      ; None                        ; None                      ; 0.883 ns                ;
; N/A   ; Restricted to 500.00 MHz ( period = 2.000 ns ) ; SlowMult169:inst|Y.S3 ; SlowMult169:inst|Y.S4 ; CLK        ; CLK      ; None                        ; None                      ; 0.881 ns                ;
; N/A   ; Restricted to 500.00 MHz ( period = 2.000 ns ) ; 74169:inst1|49        ; SlowMult169:inst|Y.S2 ; CLK        ; CLK      ; None                        ; None                      ; 0.877 ns                ;
; N/A   ; Restricted to 500.00 MHz ( period = 2.000 ns ) ; 74169:inst3|15        ; 74169:inst3|29        ; CLK        ; CLK      ; None                        ; None                      ; 0.867 ns                ;
; N/A   ; Restricted to 500.00 MHz ( period = 2.000 ns ) ; 74169:inst3|15        ; 74169:inst3|49        ; CLK        ; CLK      ; None                        ; None                      ; 0.866 ns                ;
; N/A   ; Restricted to 500.00 MHz ( period = 2.000 ns ) ; 74169:inst4|29        ; 74169:inst4|49        ; CLK        ; CLK      ; None                        ; None                      ; 0.775 ns                ;
; N/A   ; Restricted to 500.00 MHz ( period = 2.000 ns ) ; 74169:inst4|3         ; 74169:inst4|15        ; CLK        ; CLK      ; None                        ; None                      ; 0.773 ns                ;
; N/A   ; Restricted to 500.00 MHz ( period = 2.000 ns ) ; SlowMult169:inst|Y.S1 ; SlowMult169:inst|Y.S4 ; CLK        ; CLK      ; None                        ; None                      ; 0.768 ns                ;
; N/A   ; Restricted to 500.00 MHz ( period = 2.000 ns ) ; 74169:inst3|3         ; 74169:inst3|29        ; CLK        ; CLK      ; None                        ; None                      ; 0.740 ns                ;
; N/A   ; Restricted to 500.00 MHz ( period = 2.000 ns ) ; 74169:inst3|3         ; 74169:inst3|49        ; CLK        ; CLK      ; None                        ; None                      ; 0.739 ns                ;
; N/A   ; Restricted to 500.00 MHz ( period = 2.000 ns ) ; SlowMult169:inst|Y.S3 ; 74169:inst1|29        ; CLK        ; CLK      ; None                        ; None                      ; 0.736 ns                ;
; N/A   ; Restricted to 500.00 MHz ( period = 2.000 ns ) ; SlowMult169:inst|Y.S1 ; SlowMult169:inst|Y.S2 ; CLK        ; CLK      ; None                        ; None                      ; 0.728 ns                ;
; N/A   ; Restricted to 500.00 MHz ( period = 2.000 ns ) ; SlowMult169:inst|Y.S4 ; SlowMult169:inst|Y.S0 ; CLK        ; CLK      ; None                        ; None                      ; 0.688 ns                ;
; N/A   ; Restricted to 500.00 MHz ( period = 2.000 ns ) ; 74169:inst2|3         ; 74169:inst2|15        ; CLK        ; CLK      ; None                        ; None                      ; 0.594 ns                ;
; N/A   ; Restricted to 500.00 MHz ( period = 2.000 ns ) ; 74169:inst2|3         ; 74169:inst2|3         ; CLK        ; CLK      ; None                        ; None                      ; 0.488 ns                ;
; N/A   ; Restricted to 500.00 MHz ( period = 2.000 ns ) ; 74169:inst2|29        ; 74169:inst2|29        ; CLK        ; CLK      ; None                        ; None                      ; 0.488 ns                ;
; N/A   ; Restricted to 500.00 MHz ( period = 2.000 ns ) ; 74169:inst2|15        ; 74169:inst2|15        ; CLK        ; CLK      ; None                        ; None                      ; 0.488 ns                ;
; N/A   ; Restricted to 500.00 MHz ( period = 2.000 ns ) ; SlowMult169:inst|Y.S2 ; SlowMult169:inst|Y.S2 ; CLK        ; CLK      ; None                        ; None                      ; 0.488 ns                ;
; N/A   ; Restricted to 500.00 MHz ( period = 2.000 ns ) ; SlowMult169:inst|Y.S0 ; SlowMult169:inst|Y.S0 ; CLK        ; CLK      ; None                        ; None                      ; 0.488 ns                ;
; N/A   ; Restricted to 500.00 MHz ( period = 2.000 ns ) ; 74169:inst3|3         ; 74169:inst3|3         ; CLK        ; CLK      ; None                        ; None                      ; 0.488 ns                ;
; N/A   ; Restricted to 500.00 MHz ( period = 2.000 ns ) ; 74169:inst3|15        ; 74169:inst3|15        ; CLK        ; CLK      ; None                        ; None                      ; 0.488 ns                ;
; N/A   ; Restricted to 500.00 MHz ( period = 2.000 ns ) ; 74169:inst3|29        ; 74169:inst3|29        ; CLK        ; CLK      ; None                        ; None                      ; 0.488 ns                ;
; N/A   ; Restricted to 500.00 MHz ( period = 2.000 ns ) ; 74169:inst3|49        ; 74169:inst3|49        ; CLK        ; CLK      ; None                        ; None                      ; 0.488 ns                ;
; N/A   ; Restricted to 500.00 MHz ( period = 2.000 ns ) ; 74169:inst4|3         ; 74169:inst4|3         ; CLK        ; CLK      ; None                        ; None                      ; 0.488 ns                ;
; N/A   ; Restricted to 500.00 MHz ( period = 2.000 ns ) ; 74169:inst4|15        ; 74169:inst4|15        ; CLK        ; CLK      ; None                        ; None                      ; 0.488 ns                ;
; N/A   ; Restricted to 500.00 MHz ( period = 2.000 ns ) ; 74169:inst4|29        ; 74169:inst4|29        ; CLK        ; CLK      ; None                        ; None                      ; 0.488 ns                ;
; N/A   ; Restricted to 500.00 MHz ( period = 2.000 ns ) ; SlowMult169:inst|Y.S4 ; SlowMult169:inst|Y.S4 ; CLK        ; CLK      ; None                        ; None                      ; 0.396 ns                ;
; N/A   ; Restricted to 500.00 MHz ( period = 2.000 ns ) ; 74169:inst2|49        ; 74169:inst2|49        ; CLK        ; CLK      ; None                        ; None                      ; 0.396 ns                ;
; N/A   ; Restricted to 500.00 MHz ( period = 2.000 ns ) ; 74169:inst4|49        ; 74169:inst4|49        ; CLK        ; CLK      ; None                        ; None                      ; 0.396 ns                ;
+-------+------------------------------------------------+-----------------------+-----------------------+------------+----------+-----------------------------+---------------------------+-------------------------+


+---------------------------------------------------------------------------------+
; tsu                                                                             ;
+-------+--------------+------------+----------+-----------------------+----------+
; Slack ; Required tsu ; Actual tsu ; From     ; To                    ; To Clock ;
+-------+--------------+------------+----------+-----------------------+----------+
; N/A   ; None         ; 3.921 ns   ; S        ; 74169:inst2|49        ; CLK      ;
; N/A   ; None         ; 3.867 ns   ; S        ; 74169:inst2|3         ; CLK      ;
; N/A   ; None         ; 3.867 ns   ; S        ; 74169:inst1|15        ; CLK      ;
; N/A   ; None         ; 3.863 ns   ; S        ; 74169:inst2|29        ; CLK      ;
; N/A   ; None         ; 3.863 ns   ; S        ; 74169:inst2|15        ; CLK      ;
; N/A   ; None         ; 3.819 ns   ; S        ; 74169:inst1|3         ; CLK      ;
; N/A   ; None         ; 3.781 ns   ; S        ; 74169:inst1|49        ; CLK      ;
; N/A   ; None         ; 3.680 ns   ; S        ; 74169:inst4|49        ; CLK      ;
; N/A   ; None         ; 3.669 ns   ; S        ; 74169:inst1|29        ; CLK      ;
; N/A   ; None         ; 3.669 ns   ; S        ; 74169:inst3|15        ; CLK      ;
; N/A   ; None         ; 3.664 ns   ; S        ; 74169:inst4|15        ; CLK      ;
; N/A   ; None         ; 3.663 ns   ; S        ; 74169:inst3|29        ; CLK      ;
; N/A   ; None         ; 3.663 ns   ; S        ; 74169:inst4|3         ; CLK      ;
; N/A   ; None         ; 3.663 ns   ; S        ; 74169:inst4|29        ; CLK      ;
; N/A   ; None         ; 3.662 ns   ; S        ; 74169:inst3|49        ; CLK      ;
; N/A   ; None         ; 3.573 ns   ; S        ; 74169:inst3|3         ; CLK      ;
; N/A   ; None         ; 3.532 ns   ; S        ; SlowMult169:inst|Y.S1 ; CLK      ;
; N/A   ; None         ; 3.120 ns   ; MPLIERi1 ; 74169:inst2|15        ; CLK      ;
; N/A   ; None         ; 3.020 ns   ; MPLIERi3 ; 74169:inst2|49        ; CLK      ;
; N/A   ; None         ; 2.963 ns   ; S        ; SlowMult169:inst|Y.S4 ; CLK      ;
; N/A   ; None         ; 2.926 ns   ; MPLIERi0 ; 74169:inst2|3         ; CLK      ;
; N/A   ; None         ; 2.905 ns   ; MCANDi3  ; 74169:inst1|49        ; CLK      ;
; N/A   ; None         ; 2.904 ns   ; MCANDi2  ; 74169:inst1|29        ; CLK      ;
; N/A   ; None         ; 2.804 ns   ; MPLIERi2 ; 74169:inst2|29        ; CLK      ;
; N/A   ; None         ; 2.799 ns   ; MCANDi0  ; 74169:inst1|3         ; CLK      ;
; N/A   ; None         ; 2.787 ns   ; MCANDi1  ; 74169:inst1|15        ; CLK      ;
; N/A   ; None         ; 2.786 ns   ; S        ; SlowMult169:inst|Y.S0 ; CLK      ;
+-------+--------------+------------+----------+-----------------------+----------+


+---------------------------------------------------------------------------------+
; tco                                                                             ;
+-------+--------------+------------+-----------------------+--------+------------+
; Slack ; Required tco ; Actual tco ; From                  ; To     ; From Clock ;
+-------+--------------+------------+-----------------------+--------+------------+
; N/A   ; None         ; 6.843 ns   ; 74169:inst2|29        ; CNTRB2 ; CLK        ;
; N/A   ; None         ; 6.812 ns   ; SlowMult169:inst|Y.S4 ; DONE   ; CLK        ;
; N/A   ; None         ; 6.636 ns   ; 74169:inst1|15        ; ENPNBn ; CLK        ;
; N/A   ; None         ; 6.628 ns   ; 74169:inst3|3         ; CNTRC0 ; CLK        ;
; N/A   ; None         ; 6.513 ns   ; 74169:inst1|49        ; ENPNBn ; CLK        ;
; N/A   ; None         ; 6.472 ns   ; SlowMult169:inst|Y.S2 ; ENPNBn ; CLK        ;
; N/A   ; None         ; 6.469 ns   ; 74169:inst1|29        ; ENPNBn ; CLK        ;
; N/A   ; None         ; 6.396 ns   ; 74169:inst1|15        ; CNTRA1 ; CLK        ;
; N/A   ; None         ; 6.369 ns   ; 74169:inst1|3         ; ENPNBn ; CLK        ;
; N/A   ; None         ; 6.262 ns   ; 74169:inst4|29        ; CNTRC6 ; CLK        ;
; N/A   ; None         ; 6.071 ns   ; SlowMult169:inst|Y.S0 ; LDNAn  ; CLK        ;
; N/A   ; None         ; 6.069 ns   ; 74169:inst1|15        ; ENPNCn ; CLK        ;
; N/A   ; None         ; 6.069 ns   ; 74169:inst2|3         ; LDNAn  ; CLK        ;
; N/A   ; None         ; 6.023 ns   ; 74169:inst1|15        ; ENPNAn ; CLK        ;
; N/A   ; None         ; 6.011 ns   ; 74169:inst4|49        ; CNTRC7 ; CLK        ;
; N/A   ; None         ; 5.946 ns   ; 74169:inst1|49        ; ENPNCn ; CLK        ;
; N/A   ; None         ; 5.928 ns   ; 74169:inst1|29        ; CNTRA2 ; CLK        ;
; N/A   ; None         ; 5.900 ns   ; 74169:inst1|49        ; ENPNAn ; CLK        ;
; N/A   ; None         ; 5.886 ns   ; 74169:inst2|29        ; LDNAn  ; CLK        ;
; N/A   ; None         ; 5.879 ns   ; 74169:inst1|29        ; ENPNCn ; CLK        ;
; N/A   ; None         ; 5.869 ns   ; 74169:inst2|15        ; LDNAn  ; CLK        ;
; N/A   ; None         ; 5.833 ns   ; 74169:inst1|29        ; ENPNAn ; CLK        ;
; N/A   ; None         ; 5.826 ns   ; SlowMult169:inst|Y.S2 ; ENPNCn ; CLK        ;
; N/A   ; None         ; 5.801 ns   ; 74169:inst1|3         ; ENPNCn ; CLK        ;
; N/A   ; None         ; 5.782 ns   ; 74169:inst3|49        ; CNTRC3 ; CLK        ;
; N/A   ; None         ; 5.780 ns   ; SlowMult169:inst|Y.S2 ; ENPNAn ; CLK        ;
; N/A   ; None         ; 5.779 ns   ; 74169:inst2|15        ; CNTRB1 ; CLK        ;
; N/A   ; None         ; 5.772 ns   ; 74169:inst4|3         ; CNTRC4 ; CLK        ;
; N/A   ; None         ; 5.755 ns   ; 74169:inst1|3         ; ENPNAn ; CLK        ;
; N/A   ; None         ; 5.733 ns   ; 74169:inst2|3         ; MLTPn  ; CLK        ;
; N/A   ; None         ; 5.681 ns   ; 74169:inst2|49        ; LDNAn  ; CLK        ;
; N/A   ; None         ; 5.651 ns   ; 74169:inst1|15        ; MCANDn ; CLK        ;
; N/A   ; None         ; 5.606 ns   ; 74169:inst1|29        ; MCANDn ; CLK        ;
; N/A   ; None         ; 5.550 ns   ; 74169:inst2|29        ; MLTPn  ; CLK        ;
; N/A   ; None         ; 5.547 ns   ; 74169:inst1|3         ; MCANDn ; CLK        ;
; N/A   ; None         ; 5.533 ns   ; 74169:inst2|15        ; MLTPn  ; CLK        ;
; N/A   ; None         ; 5.528 ns   ; SlowMult169:inst|Y.S3 ; LDNAn  ; CLK        ;
; N/A   ; None         ; 5.518 ns   ; 74169:inst1|3         ; CNTRA0 ; CLK        ;
; N/A   ; None         ; 5.486 ns   ; 74169:inst1|49        ; MCANDn ; CLK        ;
; N/A   ; None         ; 5.396 ns   ; SlowMult169:inst|Y.S0 ; LDNBn  ; CLK        ;
; N/A   ; None         ; 5.356 ns   ; SlowMult169:inst|Y.S0 ; LDNCn  ; CLK        ;
; N/A   ; None         ; 5.345 ns   ; 74169:inst2|49        ; MLTPn  ; CLK        ;
; N/A   ; None         ; 5.313 ns   ; 74169:inst2|3         ; CNTRB0 ; CLK        ;
; N/A   ; None         ; 5.310 ns   ; 74169:inst2|49        ; CNTRB3 ; CLK        ;
; N/A   ; None         ; 5.269 ns   ; 74169:inst3|29        ; CNTRC2 ; CLK        ;
; N/A   ; None         ; 5.236 ns   ; 74169:inst1|49        ; CNTRA3 ; CLK        ;
; N/A   ; None         ; 5.215 ns   ; 74169:inst4|15        ; CNTRC5 ; CLK        ;
; N/A   ; None         ; 5.061 ns   ; 74169:inst3|15        ; CNTRC1 ; CLK        ;
+-------+--------------+------------+-----------------------+--------+------------+


+------------------------------------------------------------+
; tpd                                                        ;
+-------+-------------------+-----------------+------+-------+
; Slack ; Required P2P Time ; Actual P2P Time ; From ; To    ;
+-------+-------------------+-----------------+------+-------+
; N/A   ; None              ; 8.436 ns        ; S    ; LDNAn ;
; N/A   ; None              ; 7.761 ns        ; S    ; LDNBn ;
; N/A   ; None              ; 7.721 ns        ; S    ; LDNCn ;
+-------+-------------------+-----------------+------+-------+


+---------------------------------------------------------------------------------------+
; th                                                                                    ;
+---------------+-------------+-----------+----------+-----------------------+----------+
; Minimum Slack ; Required th ; Actual th ; From     ; To                    ; To Clock ;
+---------------+-------------+-----------+----------+-----------------------+----------+
; N/A           ; None        ; -2.547 ns ; S        ; SlowMult169:inst|Y.S0 ; CLK      ;
; N/A           ; None        ; -2.548 ns ; MCANDi1  ; 74169:inst1|15        ; CLK      ;
; N/A           ; None        ; -2.560 ns ; MCANDi0  ; 74169:inst1|3         ; CLK      ;
; N/A           ; None        ; -2.565 ns ; MPLIERi2 ; 74169:inst2|29        ; CLK      ;
; N/A           ; None        ; -2.665 ns ; MCANDi2  ; 74169:inst1|29        ; CLK      ;
; N/A           ; None        ; -2.666 ns ; MCANDi3  ; 74169:inst1|49        ; CLK      ;
; N/A           ; None        ; -2.687 ns ; MPLIERi0 ; 74169:inst2|3         ; CLK      ;
; N/A           ; None        ; -2.724 ns ; S        ; SlowMult169:inst|Y.S4 ; CLK      ;
; N/A           ; None        ; -2.781 ns ; MPLIERi3 ; 74169:inst2|49        ; CLK      ;
; N/A           ; None        ; -2.881 ns ; MPLIERi1 ; 74169:inst2|15        ; CLK      ;
; N/A           ; None        ; -3.293 ns ; S        ; SlowMult169:inst|Y.S1 ; CLK      ;
; N/A           ; None        ; -3.334 ns ; S        ; 74169:inst3|3         ; CLK      ;
; N/A           ; None        ; -3.423 ns ; S        ; 74169:inst3|49        ; CLK      ;
; N/A           ; None        ; -3.424 ns ; S        ; 74169:inst3|29        ; CLK      ;
; N/A           ; None        ; -3.424 ns ; S        ; 74169:inst4|3         ; CLK      ;
; N/A           ; None        ; -3.424 ns ; S        ; 74169:inst4|29        ; CLK      ;
; N/A           ; None        ; -3.425 ns ; S        ; 74169:inst4|15        ; CLK      ;
; N/A           ; None        ; -3.430 ns ; S        ; 74169:inst1|29        ; CLK      ;
; N/A           ; None        ; -3.430 ns ; S        ; 74169:inst3|15        ; CLK      ;
; N/A           ; None        ; -3.441 ns ; S        ; 74169:inst4|49        ; CLK      ;
; N/A           ; None        ; -3.542 ns ; S        ; 74169:inst1|49        ; CLK      ;
; N/A           ; None        ; -3.580 ns ; S        ; 74169:inst1|3         ; CLK      ;
; N/A           ; None        ; -3.624 ns ; S        ; 74169:inst2|29        ; CLK      ;
; N/A           ; None        ; -3.624 ns ; S        ; 74169:inst2|15        ; CLK      ;
; N/A           ; None        ; -3.628 ns ; S        ; 74169:inst2|3         ; CLK      ;
; N/A           ; None        ; -3.628 ns ; S        ; 74169:inst1|15        ; CLK      ;
; N/A           ; None        ; -3.682 ns ; S        ; 74169:inst2|49        ; CLK      ;
+---------------+-------------+-----------+----------+-----------------------+----------+


+--------------------------+
; Timing Analyzer Messages ;
+--------------------------+
Info: *******************************************************************
Info: Running Quartus II Classic Timing Analyzer
    Info: Version 9.1 Build 222 10/21/2009 SJ Web Edition
    Info: Processing started: Wed Apr 27 04:54:13 2016
Info: Command: quartus_tan --read_settings_files=off --write_settings_files=off SlowMult169 -c SlowMult169 --timing_analysis_only
Warning: Found pins functioning as undefined clocks and/or memory enables
    Info: Assuming node "CLK" is an undefined clock
Info: Clock "CLK" Internal fmax is restricted to 500.0 MHz between source register "74169:inst1|15" and destination register "74169:inst2|29"
    Info: fmax restricted to clock pin edge rate 2.0 ns. Expand message to see actual delay path.
        Info: + Longest register to register delay is 1.568 ns
            Info: 1: + IC(0.000 ns) + CELL(0.000 ns) = 0.000 ns; Loc. = LCFF_X15_Y2_N15; Fanout = 8; REG Node = '74169:inst1|15'
            Info: 2: + IC(0.379 ns) + CELL(0.366 ns) = 0.745 ns; Loc. = LCCOMB_X15_Y2_N30; Fanout = 6; COMB Node = 'SlowMult169:inst|ENPNBn~0'
            Info: 3: + IC(0.302 ns) + CELL(0.366 ns) = 1.413 ns; Loc. = LCCOMB_X15_Y2_N4; Fanout = 1; COMB Node = '74169:inst2|32~0'
            Info: 4: + IC(0.000 ns) + CELL(0.155 ns) = 1.568 ns; Loc. = LCFF_X15_Y2_N5; Fanout = 4; REG Node = '74169:inst2|29'
            Info: Total cell delay = 0.887 ns ( 56.57 % )
            Info: Total interconnect delay = 0.681 ns ( 43.43 % )
        Info: - Smallest clock skew is 0.000 ns
            Info: + Shortest clock path from clock "CLK" to destination register is 2.471 ns
                Info: 1: + IC(0.000 ns) + CELL(0.854 ns) = 0.854 ns; Loc. = PIN_N20; Fanout = 1; CLK Node = 'CLK'
                Info: 2: + IC(0.343 ns) + CELL(0.000 ns) = 1.197 ns; Loc. = CLKCTRL_G3; Fanout = 21; COMB Node = 'CLK~clkctrl'
                Info: 3: + IC(0.656 ns) + CELL(0.618 ns) = 2.471 ns; Loc. = LCFF_X15_Y2_N5; Fanout = 4; REG Node = '74169:inst2|29'
                Info: Total cell delay = 1.472 ns ( 59.57 % )
                Info: Total interconnect delay = 0.999 ns ( 40.43 % )
            Info: - Longest clock path from clock "CLK" to source register is 2.471 ns
                Info: 1: + IC(0.000 ns) + CELL(0.854 ns) = 0.854 ns; Loc. = PIN_N20; Fanout = 1; CLK Node = 'CLK'
                Info: 2: + IC(0.343 ns) + CELL(0.000 ns) = 1.197 ns; Loc. = CLKCTRL_G3; Fanout = 21; COMB Node = 'CLK~clkctrl'
                Info: 3: + IC(0.656 ns) + CELL(0.618 ns) = 2.471 ns; Loc. = LCFF_X15_Y2_N15; Fanout = 8; REG Node = '74169:inst1|15'
                Info: Total cell delay = 1.472 ns ( 59.57 % )
                Info: Total interconnect delay = 0.999 ns ( 40.43 % )
        Info: + Micro clock to output delay of source is 0.094 ns
        Info: + Micro setup delay of destination is 0.090 ns
Info: tsu for register "74169:inst2|49" (data pin = "S", clock pin = "CLK") is 3.921 ns
    Info: + Longest pin to register delay is 6.302 ns
        Info: 1: + IC(0.000 ns) + CELL(0.809 ns) = 0.809 ns; Loc. = PIN_Y12; Fanout = 3; PIN Node = 'S'
        Info: 2: + IC(4.154 ns) + CELL(0.228 ns) = 5.191 ns; Loc. = LCCOMB_X13_Y2_N8; Fanout = 20; COMB Node = 'SlowMult169:inst|Selector3~0'
        Info: 3: + IC(0.599 ns) + CELL(0.357 ns) = 6.147 ns; Loc. = LCCOMB_X15_Y2_N26; Fanout = 1; COMB Node = '74169:inst2|47~0'
        Info: 4: + IC(0.000 ns) + CELL(0.155 ns) = 6.302 ns; Loc. = LCFF_X15_Y2_N27; Fanout = 3; REG Node = '74169:inst2|49'
        Info: Total cell delay = 1.549 ns ( 24.58 % )
        Info: Total interconnect delay = 4.753 ns ( 75.42 % )
    Info: + Micro setup delay of destination is 0.090 ns
    Info: - Shortest clock path from clock "CLK" to destination register is 2.471 ns
        Info: 1: + IC(0.000 ns) + CELL(0.854 ns) = 0.854 ns; Loc. = PIN_N20; Fanout = 1; CLK Node = 'CLK'
        Info: 2: + IC(0.343 ns) + CELL(0.000 ns) = 1.197 ns; Loc. = CLKCTRL_G3; Fanout = 21; COMB Node = 'CLK~clkctrl'
        Info: 3: + IC(0.656 ns) + CELL(0.618 ns) = 2.471 ns; Loc. = LCFF_X15_Y2_N27; Fanout = 3; REG Node = '74169:inst2|49'
        Info: Total cell delay = 1.472 ns ( 59.57 % )
        Info: Total interconnect delay = 0.999 ns ( 40.43 % )
Info: tco from clock "CLK" to destination pin "CNTRB2" through register "74169:inst2|29" is 6.843 ns
    Info: + Longest clock path from clock "CLK" to source register is 2.471 ns
        Info: 1: + IC(0.000 ns) + CELL(0.854 ns) = 0.854 ns; Loc. = PIN_N20; Fanout = 1; CLK Node = 'CLK'
        Info: 2: + IC(0.343 ns) + CELL(0.000 ns) = 1.197 ns; Loc. = CLKCTRL_G3; Fanout = 21; COMB Node = 'CLK~clkctrl'
        Info: 3: + IC(0.656 ns) + CELL(0.618 ns) = 2.471 ns; Loc. = LCFF_X15_Y2_N5; Fanout = 4; REG Node = '74169:inst2|29'
        Info: Total cell delay = 1.472 ns ( 59.57 % )
        Info: Total interconnect delay = 0.999 ns ( 40.43 % )
    Info: + Micro clock to output delay of source is 0.094 ns
    Info: + Longest register to pin delay is 4.278 ns
        Info: 1: + IC(0.000 ns) + CELL(0.000 ns) = 0.000 ns; Loc. = LCFF_X15_Y2_N5; Fanout = 4; REG Node = '74169:inst2|29'
        Info: 2: + IC(2.306 ns) + CELL(1.972 ns) = 4.278 ns; Loc. = PIN_C15; Fanout = 0; PIN Node = 'CNTRB2'
        Info: Total cell delay = 1.972 ns ( 46.10 % )
        Info: Total interconnect delay = 2.306 ns ( 53.90 % )
Info: Longest tpd from source pin "S" to destination pin "LDNAn" is 8.436 ns
    Info: 1: + IC(0.000 ns) + CELL(0.809 ns) = 0.809 ns; Loc. = PIN_Y12; Fanout = 3; PIN Node = 'S'
    Info: 2: + IC(4.154 ns) + CELL(0.228 ns) = 5.191 ns; Loc. = LCCOMB_X13_Y2_N8; Fanout = 20; COMB Node = 'SlowMult169:inst|Selector3~0'
    Info: 3: + IC(0.402 ns) + CELL(0.366 ns) = 5.959 ns; Loc. = LCCOMB_X14_Y2_N18; Fanout = 1; COMB Node = 'SlowMult169:inst|Selector3~1'
    Info: 4: + IC(0.505 ns) + CELL(1.972 ns) = 8.436 ns; Loc. = PIN_AA15; Fanout = 0; PIN Node = 'LDNAn'
    Info: Total cell delay = 3.375 ns ( 40.01 % )
    Info: Total interconnect delay = 5.061 ns ( 59.99 % )
Info: th for register "SlowMult169:inst|Y.S0" (data pin = "S", clock pin = "CLK") is -2.547 ns
    Info: + Longest clock path from clock "CLK" to destination register is 2.468 ns
        Info: 1: + IC(0.000 ns) + CELL(0.854 ns) = 0.854 ns; Loc. = PIN_N20; Fanout = 1; CLK Node = 'CLK'
        Info: 2: + IC(0.343 ns) + CELL(0.000 ns) = 1.197 ns; Loc. = CLKCTRL_G3; Fanout = 21; COMB Node = 'CLK~clkctrl'
        Info: 3: + IC(0.653 ns) + CELL(0.618 ns) = 2.468 ns; Loc. = LCFF_X13_Y2_N15; Fanout = 2; REG Node = 'SlowMult169:inst|Y.S0'
        Info: Total cell delay = 1.472 ns ( 59.64 % )
        Info: Total interconnect delay = 0.996 ns ( 40.36 % )
    Info: + Micro hold delay of destination is 0.149 ns
    Info: - Shortest pin to register delay is 5.164 ns
        Info: 1: + IC(0.000 ns) + CELL(0.809 ns) = 0.809 ns; Loc. = PIN_Y12; Fanout = 3; PIN Node = 'S'
        Info: 2: + IC(3.972 ns) + CELL(0.228 ns) = 5.009 ns; Loc. = LCCOMB_X13_Y2_N14; Fanout = 1; COMB Node = 'SlowMult169:inst|Selector0~0'
        Info: 3: + IC(0.000 ns) + CELL(0.155 ns) = 5.164 ns; Loc. = LCFF_X13_Y2_N15; Fanout = 2; REG Node = 'SlowMult169:inst|Y.S0'
        Info: Total cell delay = 1.192 ns ( 23.08 % )
        Info: Total interconnect delay = 3.972 ns ( 76.92 % )
Info: Quartus II Classic Timing Analyzer was successful. 0 errors, 1 warning
    Info: Peak virtual memory: 206 megabytes
    Info: Processing ended: Wed Apr 27 04:54:13 2016
    Info: Elapsed time: 00:00:00
    Info: Total CPU time (on all processors): 00:00:00


