Classic Timing Analyzer report for VendingMachine
Tue Apr 19 22:49:28 2016
Quartus II Version 9.1 Build 222 10/21/2009 SJ Web Edition


---------------------
; Table of Contents ;
---------------------
  1. Legal Notice
  2. Timing Analyzer Summary
  3. Timing Analyzer Settings
  4. Clock Settings Summary
  5. Parallel Compilation
  6. Clock Setup: 'CLK'
  7. tsu
  8. tco
  9. tpd
 10. th
 11. Timing Analyzer Messages



----------------
; Legal Notice ;
----------------
Copyright (C) 1991-2009 Altera Corporation
Your use of Altera Corporation's design tools, logic functions 
and other software and tools, and its AMPP partner logic 
functions, and any output files from any of the foregoing 
(including device programming or simulation files), and any 
associated documentation or information are expressly subject 
to the terms and conditions of the Altera Program License 
Subscription Agreement, Altera MegaCore Function License 
Agreement, or other applicable license agreement, including, 
without limitation, that your use is for the sole purpose of 
programming logic devices manufactured by Altera and sold by 
Altera or its authorized distributors.  Please refer to the 
applicable agreement for further details.



+--------------------------------------------------------------------------------------------------------------------------------------------------------------------------------------+
; Timing Analyzer Summary                                                                                                                                                              ;
+------------------------------+-------+---------------+----------------------------------+--------------------------+--------------------------+------------+----------+--------------+
; Type                         ; Slack ; Required Time ; Actual Time                      ; From                     ; To                       ; From Clock ; To Clock ; Failed Paths ;
+------------------------------+-------+---------------+----------------------------------+--------------------------+--------------------------+------------+----------+--------------+
; Worst-case tsu               ; N/A   ; None          ; 5.301 ns                         ; N                        ; STORE:inst4|TMP[7]       ; --         ; CLK      ; 0            ;
; Worst-case tco               ; N/A   ; None          ; 7.465 ns                         ; VendingMachine:inst|y.S1 ; COINvalue[3]             ; CLK        ; --       ; 0            ;
; Worst-case tpd               ; N/A   ; None          ; 10.191 ns                        ; Q                        ; COINvalue[3]             ; --         ; --       ; 0            ;
; Worst-case th                ; N/A   ; None          ; -2.890 ns                        ; D                        ; VendingMachine:inst|y.S2 ; --         ; CLK      ; 0            ;
; Clock Setup: 'CLK'           ; N/A   ; None          ; 382.70 MHz ( period = 2.613 ns ) ; STORE:inst4|TMP[5]       ; STORE:inst4|TMP[7]       ; CLK        ; CLK      ; 0            ;
; Total number of failed paths ;       ;               ;                                  ;                          ;                          ;            ;          ; 0            ;
+------------------------------+-------+---------------+----------------------------------+--------------------------+--------------------------+------------+----------+--------------+


+-----------------------------------------------------------------------------------------------------------------------------------------------------+
; Timing Analyzer Settings                                                                                                                            ;
+------------------------------------------------------------------------------------------------------+--------------------+------+----+-------------+
; Option                                                                                               ; Setting            ; From ; To ; Entity Name ;
+------------------------------------------------------------------------------------------------------+--------------------+------+----+-------------+
; Device Name                                                                                          ; EP2S15F484C3       ;      ;    ;             ;
; Timing Models                                                                                        ; Final              ;      ;    ;             ;
; Default hold multicycle                                                                              ; Same as Multicycle ;      ;    ;             ;
; Cut paths between unrelated clock domains                                                            ; On                 ;      ;    ;             ;
; Cut off read during write signal paths                                                               ; On                 ;      ;    ;             ;
; Cut off feedback from I/O pins                                                                       ; On                 ;      ;    ;             ;
; Report Combined Fast/Slow Timing                                                                     ; Off                ;      ;    ;             ;
; Ignore Clock Settings                                                                                ; Off                ;      ;    ;             ;
; Analyze latches as synchronous elements                                                              ; On                 ;      ;    ;             ;
; Enable Recovery/Removal analysis                                                                     ; Off                ;      ;    ;             ;
; Enable Clock Latency                                                                                 ; Off                ;      ;    ;             ;
; Use TimeQuest Timing Analyzer                                                                        ; Off                ;      ;    ;             ;
; Number of source nodes to report per destination node                                                ; 10                 ;      ;    ;             ;
; Number of destination nodes to report                                                                ; 10                 ;      ;    ;             ;
; Number of paths to report                                                                            ; 200                ;      ;    ;             ;
; Report Minimum Timing Checks                                                                         ; Off                ;      ;    ;             ;
; Use Fast Timing Models                                                                               ; Off                ;      ;    ;             ;
; Report IO Paths Separately                                                                           ; Off                ;      ;    ;             ;
; Perform Multicorner Analysis                                                                         ; On                 ;      ;    ;             ;
; Reports the worst-case path for each clock domain and analysis                                       ; Off                ;      ;    ;             ;
; Reports worst-case timing paths for each clock domain and analysis                                   ; Off                ;      ;    ;             ;
; Specifies the maximum number of worst-case timing paths to report for each clock domain and analysis ; 100                ;      ;    ;             ;
; Removes common clock path pessimism (CCPP) during slack computation                                  ; Off                ;      ;    ;             ;
; Output I/O Timing Endpoint                                                                           ; Near End           ;      ;    ;             ;
+------------------------------------------------------------------------------------------------------+--------------------+------+----+-------------+


+------------------------------------------------------------------------------------------------------------------------------------------------------------------------------------+
; Clock Settings Summary                                                                                                                                                             ;
+-----------------+--------------------+----------+------------------+---------------+--------------+----------+-----------------------+---------------------+--------+--------------+
; Clock Node Name ; Clock Setting Name ; Type     ; Fmax Requirement ; Early Latency ; Late Latency ; Based on ; Multiply Base Fmax by ; Divide Base Fmax by ; Offset ; Phase offset ;
+-----------------+--------------------+----------+------------------+---------------+--------------+----------+-----------------------+---------------------+--------+--------------+
; CLK             ;                    ; User Pin ; None             ; 0.000 ns      ; 0.000 ns     ; --       ; N/A                   ; N/A                 ; N/A    ;              ;
+-----------------+--------------------+----------+------------------+---------------+--------------+----------+-----------------------+---------------------+--------+--------------+


Parallel compilation was disabled, but you have multiple processors available. Enable parallel compilation to reduce compilation time.
+-------------------------------------+
; Parallel Compilation                ;
+----------------------------+--------+
; Processors                 ; Number ;
+----------------------------+--------+
; Number detected on machine ; 4      ;
; Maximum allowed            ; 1      ;
+----------------------------+--------+


+--------------------------------------------------------------------------------------------------------------------------------------------------------------------------------------------------------------------------+
; Clock Setup: 'CLK'                                                                                                                                                                                                       ;
+-------+------------------------------------------------+--------------------------+--------------------------+------------+----------+-----------------------------+---------------------------+-------------------------+
; Slack ; Actual fmax (period)                           ; From                     ; To                       ; From Clock ; To Clock ; Required Setup Relationship ; Required Longest P2P Time ; Actual Longest P2P Time ;
+-------+------------------------------------------------+--------------------------+--------------------------+------------+----------+-----------------------------+---------------------------+-------------------------+
; N/A   ; 382.70 MHz ( period = 2.613 ns )               ; STORE:inst4|TMP[5]       ; STORE:inst4|TMP[7]       ; CLK        ; CLK      ; None                        ; None                      ; 2.429 ns                ;
; N/A   ; 387.00 MHz ( period = 2.584 ns )               ; STORE:inst4|TMP[1]       ; STORE:inst4|TMP[7]       ; CLK        ; CLK      ; None                        ; None                      ; 2.400 ns                ;
; N/A   ; 387.45 MHz ( period = 2.581 ns )               ; VendingMachine:inst|y.S1 ; STORE:inst4|TMP[7]       ; CLK        ; CLK      ; None                        ; None                      ; 2.394 ns                ;
; N/A   ; 400.96 MHz ( period = 2.494 ns )               ; STORE:inst4|TMP[0]       ; STORE:inst4|TMP[7]       ; CLK        ; CLK      ; None                        ; None                      ; 2.310 ns                ;
; N/A   ; 401.77 MHz ( period = 2.489 ns )               ; STORE:inst4|TMP[5]       ; STORE:inst4|TMP[6]       ; CLK        ; CLK      ; None                        ; None                      ; 2.305 ns                ;
; N/A   ; 402.41 MHz ( period = 2.485 ns )               ; STORE:inst4|TMP[4]       ; STORE:inst4|TMP[7]       ; CLK        ; CLK      ; None                        ; None                      ; 2.301 ns                ;
; N/A   ; 406.50 MHz ( period = 2.460 ns )               ; STORE:inst4|TMP[1]       ; STORE:inst4|TMP[6]       ; CLK        ; CLK      ; None                        ; None                      ; 2.276 ns                ;
; N/A   ; 407.00 MHz ( period = 2.457 ns )               ; VendingMachine:inst|y.S1 ; STORE:inst4|TMP[6]       ; CLK        ; CLK      ; None                        ; None                      ; 2.270 ns                ;
; N/A   ; 407.50 MHz ( period = 2.454 ns )               ; STORE:inst4|TMP[5]       ; STORE:inst4|TMP[5]       ; CLK        ; CLK      ; None                        ; None                      ; 2.270 ns                ;
; N/A   ; 410.51 MHz ( period = 2.436 ns )               ; VendingMachine:inst|y.S2 ; STORE:inst4|TMP[7]       ; CLK        ; CLK      ; None                        ; None                      ; 2.249 ns                ;
; N/A   ; 412.37 MHz ( period = 2.425 ns )               ; STORE:inst4|TMP[1]       ; STORE:inst4|TMP[5]       ; CLK        ; CLK      ; None                        ; None                      ; 2.241 ns                ;
; N/A   ; 412.88 MHz ( period = 2.422 ns )               ; VendingMachine:inst|y.S1 ; STORE:inst4|TMP[5]       ; CLK        ; CLK      ; None                        ; None                      ; 2.235 ns                ;
; N/A   ; 413.39 MHz ( period = 2.419 ns )               ; STORE:inst4|TMP[5]       ; STORE:inst4|TMP[4]       ; CLK        ; CLK      ; None                        ; None                      ; 2.235 ns                ;
; N/A   ; 416.67 MHz ( period = 2.400 ns )               ; STORE:inst4|TMP[7]       ; STORE:inst4|TMP[7]       ; CLK        ; CLK      ; None                        ; None                      ; 2.216 ns                ;
; N/A   ; 418.41 MHz ( period = 2.390 ns )               ; STORE:inst4|TMP[1]       ; STORE:inst4|TMP[4]       ; CLK        ; CLK      ; None                        ; None                      ; 2.206 ns                ;
; N/A   ; 418.94 MHz ( period = 2.387 ns )               ; VendingMachine:inst|y.S1 ; STORE:inst4|TMP[4]       ; CLK        ; CLK      ; None                        ; None                      ; 2.200 ns                ;
; N/A   ; 419.46 MHz ( period = 2.384 ns )               ; STORE:inst4|TMP[5]       ; STORE:inst4|TMP[3]       ; CLK        ; CLK      ; None                        ; None                      ; 2.200 ns                ;
; N/A   ; 421.94 MHz ( period = 2.370 ns )               ; STORE:inst4|TMP[0]       ; STORE:inst4|TMP[6]       ; CLK        ; CLK      ; None                        ; None                      ; 2.186 ns                ;
; N/A   ; 423.55 MHz ( period = 2.361 ns )               ; STORE:inst4|TMP[4]       ; STORE:inst4|TMP[6]       ; CLK        ; CLK      ; None                        ; None                      ; 2.177 ns                ;
; N/A   ; 424.63 MHz ( period = 2.355 ns )               ; STORE:inst4|TMP[1]       ; STORE:inst4|TMP[3]       ; CLK        ; CLK      ; None                        ; None                      ; 2.171 ns                ;
; N/A   ; 425.17 MHz ( period = 2.352 ns )               ; VendingMachine:inst|y.S1 ; STORE:inst4|TMP[3]       ; CLK        ; CLK      ; None                        ; None                      ; 2.165 ns                ;
; N/A   ; 425.71 MHz ( period = 2.349 ns )               ; STORE:inst4|TMP[5]       ; STORE:inst4|TMP[2]       ; CLK        ; CLK      ; None                        ; None                      ; 2.165 ns                ;
; N/A   ; 427.17 MHz ( period = 2.341 ns )               ; STORE:inst4|TMP[2]       ; STORE:inst4|TMP[7]       ; CLK        ; CLK      ; None                        ; None                      ; 2.157 ns                ;
; N/A   ; 428.27 MHz ( period = 2.335 ns )               ; STORE:inst4|TMP[0]       ; STORE:inst4|TMP[5]       ; CLK        ; CLK      ; None                        ; None                      ; 2.151 ns                ;
; N/A   ; 429.55 MHz ( period = 2.328 ns )               ; STORE:inst4|TMP[3]       ; STORE:inst4|TMP[7]       ; CLK        ; CLK      ; None                        ; None                      ; 2.144 ns                ;
; N/A   ; 429.92 MHz ( period = 2.326 ns )               ; STORE:inst4|TMP[4]       ; STORE:inst4|TMP[5]       ; CLK        ; CLK      ; None                        ; None                      ; 2.142 ns                ;
; N/A   ; 431.03 MHz ( period = 2.320 ns )               ; STORE:inst4|TMP[1]       ; STORE:inst4|TMP[2]       ; CLK        ; CLK      ; None                        ; None                      ; 2.136 ns                ;
; N/A   ; 431.59 MHz ( period = 2.317 ns )               ; VendingMachine:inst|y.S1 ; STORE:inst4|TMP[2]       ; CLK        ; CLK      ; None                        ; None                      ; 2.130 ns                ;
; N/A   ; 432.53 MHz ( period = 2.312 ns )               ; VendingMachine:inst|y.S2 ; STORE:inst4|TMP[6]       ; CLK        ; CLK      ; None                        ; None                      ; 2.125 ns                ;
; N/A   ; 432.53 MHz ( period = 2.312 ns )               ; STORE:inst4|TMP[5]       ; STORE:inst4|TMP[1]       ; CLK        ; CLK      ; None                        ; None                      ; 2.128 ns                ;
; N/A   ; 434.78 MHz ( period = 2.300 ns )               ; STORE:inst4|TMP[6]       ; STORE:inst4|TMP[7]       ; CLK        ; CLK      ; None                        ; None                      ; 2.116 ns                ;
; N/A   ; 434.78 MHz ( period = 2.300 ns )               ; STORE:inst4|TMP[0]       ; STORE:inst4|TMP[4]       ; CLK        ; CLK      ; None                        ; None                      ; 2.116 ns                ;
; N/A   ; 436.49 MHz ( period = 2.291 ns )               ; STORE:inst4|TMP[4]       ; STORE:inst4|TMP[4]       ; CLK        ; CLK      ; None                        ; None                      ; 2.107 ns                ;
; N/A   ; 438.02 MHz ( period = 2.283 ns )               ; STORE:inst4|TMP[1]       ; STORE:inst4|TMP[1]       ; CLK        ; CLK      ; None                        ; None                      ; 2.099 ns                ;
; N/A   ; 438.21 MHz ( period = 2.282 ns )               ; VendingMachine:inst|y.S1 ; STORE:inst4|TMP[1]       ; CLK        ; CLK      ; None                        ; None                      ; 2.095 ns                ;
; N/A   ; 439.17 MHz ( period = 2.277 ns )               ; VendingMachine:inst|y.S2 ; STORE:inst4|TMP[5]       ; CLK        ; CLK      ; None                        ; None                      ; 2.090 ns                ;
; N/A   ; 439.37 MHz ( period = 2.276 ns )               ; STORE:inst4|TMP[7]       ; STORE:inst4|TMP[6]       ; CLK        ; CLK      ; None                        ; None                      ; 2.092 ns                ;
; N/A   ; 441.50 MHz ( period = 2.265 ns )               ; STORE:inst4|TMP[0]       ; STORE:inst4|TMP[3]       ; CLK        ; CLK      ; None                        ; None                      ; 2.081 ns                ;
; N/A   ; 443.26 MHz ( period = 2.256 ns )               ; STORE:inst4|TMP[4]       ; STORE:inst4|TMP[3]       ; CLK        ; CLK      ; None                        ; None                      ; 2.072 ns                ;
; N/A   ; 446.03 MHz ( period = 2.242 ns )               ; VendingMachine:inst|y.S2 ; STORE:inst4|TMP[4]       ; CLK        ; CLK      ; None                        ; None                      ; 2.055 ns                ;
; N/A   ; 446.03 MHz ( period = 2.242 ns )               ; STORE:inst4|TMP[5]       ; STORE:inst4|TMP[0]       ; CLK        ; CLK      ; None                        ; None                      ; 2.058 ns                ;
; N/A   ; 446.23 MHz ( period = 2.241 ns )               ; STORE:inst4|TMP[7]       ; STORE:inst4|TMP[5]       ; CLK        ; CLK      ; None                        ; None                      ; 2.057 ns                ;
; N/A   ; 448.43 MHz ( period = 2.230 ns )               ; STORE:inst4|TMP[0]       ; STORE:inst4|TMP[2]       ; CLK        ; CLK      ; None                        ; None                      ; 2.046 ns                ;
; N/A   ; 450.25 MHz ( period = 2.221 ns )               ; STORE:inst4|TMP[4]       ; STORE:inst4|TMP[2]       ; CLK        ; CLK      ; None                        ; None                      ; 2.037 ns                ;
; N/A   ; 451.06 MHz ( period = 2.217 ns )               ; STORE:inst4|TMP[2]       ; STORE:inst4|TMP[6]       ; CLK        ; CLK      ; None                        ; None                      ; 2.033 ns                ;
; N/A   ; 451.88 MHz ( period = 2.213 ns )               ; STORE:inst4|TMP[1]       ; STORE:inst4|TMP[0]       ; CLK        ; CLK      ; None                        ; None                      ; 2.029 ns                ;
; N/A   ; 452.08 MHz ( period = 2.212 ns )               ; VendingMachine:inst|y.S1 ; STORE:inst4|TMP[0]       ; CLK        ; CLK      ; None                        ; None                      ; 2.025 ns                ;
; N/A   ; 453.10 MHz ( period = 2.207 ns )               ; VendingMachine:inst|y.S2 ; STORE:inst4|TMP[3]       ; CLK        ; CLK      ; None                        ; None                      ; 2.020 ns                ;
; N/A   ; 453.31 MHz ( period = 2.206 ns )               ; STORE:inst4|TMP[7]       ; STORE:inst4|TMP[4]       ; CLK        ; CLK      ; None                        ; None                      ; 2.022 ns                ;
; N/A   ; 453.72 MHz ( period = 2.204 ns )               ; STORE:inst4|TMP[3]       ; STORE:inst4|TMP[6]       ; CLK        ; CLK      ; None                        ; None                      ; 2.020 ns                ;
; N/A   ; 456.00 MHz ( period = 2.193 ns )               ; STORE:inst4|TMP[0]       ; STORE:inst4|TMP[1]       ; CLK        ; CLK      ; None                        ; None                      ; 2.009 ns                ;
; N/A   ; 457.88 MHz ( period = 2.184 ns )               ; STORE:inst4|TMP[4]       ; STORE:inst4|TMP[1]       ; CLK        ; CLK      ; None                        ; None                      ; 2.000 ns                ;
; N/A   ; 458.30 MHz ( period = 2.182 ns )               ; STORE:inst4|TMP[2]       ; STORE:inst4|TMP[5]       ; CLK        ; CLK      ; None                        ; None                      ; 1.998 ns                ;
; N/A   ; 459.56 MHz ( period = 2.176 ns )               ; STORE:inst4|TMP[6]       ; STORE:inst4|TMP[6]       ; CLK        ; CLK      ; None                        ; None                      ; 1.992 ns                ;
; N/A   ; 460.41 MHz ( period = 2.172 ns )               ; VendingMachine:inst|y.S2 ; STORE:inst4|TMP[2]       ; CLK        ; CLK      ; None                        ; None                      ; 1.985 ns                ;
; N/A   ; 460.62 MHz ( period = 2.171 ns )               ; STORE:inst4|TMP[7]       ; STORE:inst4|TMP[3]       ; CLK        ; CLK      ; None                        ; None                      ; 1.987 ns                ;
; N/A   ; 461.04 MHz ( period = 2.169 ns )               ; STORE:inst4|TMP[3]       ; STORE:inst4|TMP[5]       ; CLK        ; CLK      ; None                        ; None                      ; 1.985 ns                ;
; N/A   ; 465.77 MHz ( period = 2.147 ns )               ; STORE:inst4|TMP[2]       ; STORE:inst4|TMP[4]       ; CLK        ; CLK      ; None                        ; None                      ; 1.963 ns                ;
; N/A   ; 467.07 MHz ( period = 2.141 ns )               ; STORE:inst4|TMP[6]       ; STORE:inst4|TMP[5]       ; CLK        ; CLK      ; None                        ; None                      ; 1.957 ns                ;
; N/A   ; 467.95 MHz ( period = 2.137 ns )               ; VendingMachine:inst|y.S2 ; STORE:inst4|TMP[1]       ; CLK        ; CLK      ; None                        ; None                      ; 1.950 ns                ;
; N/A   ; 468.16 MHz ( period = 2.136 ns )               ; STORE:inst4|TMP[7]       ; STORE:inst4|TMP[2]       ; CLK        ; CLK      ; None                        ; None                      ; 1.952 ns                ;
; N/A   ; 468.60 MHz ( period = 2.134 ns )               ; STORE:inst4|TMP[3]       ; STORE:inst4|TMP[4]       ; CLK        ; CLK      ; None                        ; None                      ; 1.950 ns                ;
; N/A   ; 471.03 MHz ( period = 2.123 ns )               ; STORE:inst4|TMP[0]       ; STORE:inst4|TMP[0]       ; CLK        ; CLK      ; None                        ; None                      ; 1.939 ns                ;
; N/A   ; 473.04 MHz ( period = 2.114 ns )               ; STORE:inst4|TMP[4]       ; STORE:inst4|TMP[0]       ; CLK        ; CLK      ; None                        ; None                      ; 1.930 ns                ;
; N/A   ; 473.48 MHz ( period = 2.112 ns )               ; STORE:inst4|TMP[2]       ; STORE:inst4|TMP[3]       ; CLK        ; CLK      ; None                        ; None                      ; 1.928 ns                ;
; N/A   ; 474.83 MHz ( period = 2.106 ns )               ; STORE:inst4|TMP[6]       ; STORE:inst4|TMP[4]       ; CLK        ; CLK      ; None                        ; None                      ; 1.922 ns                ;
; N/A   ; 475.96 MHz ( period = 2.101 ns )               ; STORE:inst4|TMP[7]       ; STORE:inst4|TMP[1]       ; CLK        ; CLK      ; None                        ; None                      ; 1.917 ns                ;
; N/A   ; 476.42 MHz ( period = 2.099 ns )               ; STORE:inst4|TMP[3]       ; STORE:inst4|TMP[3]       ; CLK        ; CLK      ; None                        ; None                      ; 1.915 ns                ;
; N/A   ; 481.46 MHz ( period = 2.077 ns )               ; STORE:inst4|TMP[2]       ; STORE:inst4|TMP[2]       ; CLK        ; CLK      ; None                        ; None                      ; 1.893 ns                ;
; N/A   ; 482.86 MHz ( period = 2.071 ns )               ; STORE:inst4|TMP[6]       ; STORE:inst4|TMP[3]       ; CLK        ; CLK      ; None                        ; None                      ; 1.887 ns                ;
; N/A   ; 483.79 MHz ( period = 2.067 ns )               ; VendingMachine:inst|y.S2 ; STORE:inst4|TMP[0]       ; CLK        ; CLK      ; None                        ; None                      ; 1.880 ns                ;
; N/A   ; 484.50 MHz ( period = 2.064 ns )               ; STORE:inst4|TMP[3]       ; STORE:inst4|TMP[2]       ; CLK        ; CLK      ; None                        ; None                      ; 1.880 ns                ;
; N/A   ; 490.20 MHz ( period = 2.040 ns )               ; STORE:inst4|TMP[2]       ; STORE:inst4|TMP[1]       ; CLK        ; CLK      ; None                        ; None                      ; 1.856 ns                ;
; N/A   ; 491.16 MHz ( period = 2.036 ns )               ; STORE:inst4|TMP[6]       ; STORE:inst4|TMP[2]       ; CLK        ; CLK      ; None                        ; None                      ; 1.852 ns                ;
; N/A   ; 492.37 MHz ( period = 2.031 ns )               ; STORE:inst4|TMP[7]       ; STORE:inst4|TMP[0]       ; CLK        ; CLK      ; None                        ; None                      ; 1.847 ns                ;
; N/A   ; 493.34 MHz ( period = 2.027 ns )               ; STORE:inst4|TMP[3]       ; STORE:inst4|TMP[1]       ; CLK        ; CLK      ; None                        ; None                      ; 1.843 ns                ;
; N/A   ; Restricted to 500.00 MHz ( period = 2.000 ns ) ; STORE:inst4|TMP[6]       ; STORE:inst4|TMP[1]       ; CLK        ; CLK      ; None                        ; None                      ; 1.801 ns                ;
; N/A   ; Restricted to 500.00 MHz ( period = 2.000 ns ) ; STORE:inst4|TMP[2]       ; STORE:inst4|TMP[0]       ; CLK        ; CLK      ; None                        ; None                      ; 1.786 ns                ;
; N/A   ; Restricted to 500.00 MHz ( period = 2.000 ns ) ; STORE:inst4|TMP[3]       ; STORE:inst4|TMP[0]       ; CLK        ; CLK      ; None                        ; None                      ; 1.773 ns                ;
; N/A   ; Restricted to 500.00 MHz ( period = 2.000 ns ) ; STORE:inst4|TMP[5]       ; VendingMachine:inst|y.S1 ; CLK        ; CLK      ; None                        ; None                      ; 1.737 ns                ;
; N/A   ; Restricted to 500.00 MHz ( period = 2.000 ns ) ; STORE:inst4|TMP[1]       ; VendingMachine:inst|y.S1 ; CLK        ; CLK      ; None                        ; None                      ; 1.708 ns                ;
; N/A   ; Restricted to 500.00 MHz ( period = 2.000 ns ) ; STORE:inst4|TMP[5]       ; VendingMachine:inst|y.S0 ; CLK        ; CLK      ; None                        ; None                      ; 1.682 ns                ;
; N/A   ; Restricted to 500.00 MHz ( period = 2.000 ns ) ; STORE:inst4|TMP[6]       ; STORE:inst4|TMP[0]       ; CLK        ; CLK      ; None                        ; None                      ; 1.666 ns                ;
; N/A   ; Restricted to 500.00 MHz ( period = 2.000 ns ) ; STORE:inst4|TMP[1]       ; VendingMachine:inst|y.S0 ; CLK        ; CLK      ; None                        ; None                      ; 1.653 ns                ;
; N/A   ; Restricted to 500.00 MHz ( period = 2.000 ns ) ; STORE:inst4|TMP[0]       ; VendingMachine:inst|y.S1 ; CLK        ; CLK      ; None                        ; None                      ; 1.618 ns                ;
; N/A   ; Restricted to 500.00 MHz ( period = 2.000 ns ) ; STORE:inst4|TMP[4]       ; VendingMachine:inst|y.S1 ; CLK        ; CLK      ; None                        ; None                      ; 1.609 ns                ;
; N/A   ; Restricted to 500.00 MHz ( period = 2.000 ns ) ; STORE:inst4|TMP[0]       ; VendingMachine:inst|y.S0 ; CLK        ; CLK      ; None                        ; None                      ; 1.563 ns                ;
; N/A   ; Restricted to 500.00 MHz ( period = 2.000 ns ) ; STORE:inst4|TMP[4]       ; VendingMachine:inst|y.S0 ; CLK        ; CLK      ; None                        ; None                      ; 1.554 ns                ;
; N/A   ; Restricted to 500.00 MHz ( period = 2.000 ns ) ; STORE:inst4|TMP[7]       ; VendingMachine:inst|y.S1 ; CLK        ; CLK      ; None                        ; None                      ; 1.489 ns                ;
; N/A   ; Restricted to 500.00 MHz ( period = 2.000 ns ) ; STORE:inst4|TMP[2]       ; VendingMachine:inst|y.S1 ; CLK        ; CLK      ; None                        ; None                      ; 1.465 ns                ;
; N/A   ; Restricted to 500.00 MHz ( period = 2.000 ns ) ; STORE:inst4|TMP[5]       ; VendingMachine:inst|y.S2 ; CLK        ; CLK      ; None                        ; None                      ; 1.452 ns                ;
; N/A   ; Restricted to 500.00 MHz ( period = 2.000 ns ) ; STORE:inst4|TMP[3]       ; VendingMachine:inst|y.S1 ; CLK        ; CLK      ; None                        ; None                      ; 1.452 ns                ;
; N/A   ; Restricted to 500.00 MHz ( period = 2.000 ns ) ; STORE:inst4|TMP[7]       ; VendingMachine:inst|y.S0 ; CLK        ; CLK      ; None                        ; None                      ; 1.434 ns                ;
; N/A   ; Restricted to 500.00 MHz ( period = 2.000 ns ) ; STORE:inst4|TMP[1]       ; VendingMachine:inst|y.S2 ; CLK        ; CLK      ; None                        ; None                      ; 1.423 ns                ;
; N/A   ; Restricted to 500.00 MHz ( period = 2.000 ns ) ; STORE:inst4|TMP[2]       ; VendingMachine:inst|y.S0 ; CLK        ; CLK      ; None                        ; None                      ; 1.410 ns                ;
; N/A   ; Restricted to 500.00 MHz ( period = 2.000 ns ) ; STORE:inst4|TMP[3]       ; VendingMachine:inst|y.S0 ; CLK        ; CLK      ; None                        ; None                      ; 1.397 ns                ;
; N/A   ; Restricted to 500.00 MHz ( period = 2.000 ns ) ; STORE:inst4|TMP[0]       ; VendingMachine:inst|y.S2 ; CLK        ; CLK      ; None                        ; None                      ; 1.333 ns                ;
; N/A   ; Restricted to 500.00 MHz ( period = 2.000 ns ) ; STORE:inst4|TMP[4]       ; VendingMachine:inst|y.S2 ; CLK        ; CLK      ; None                        ; None                      ; 1.324 ns                ;
; N/A   ; Restricted to 500.00 MHz ( period = 2.000 ns ) ; STORE:inst4|TMP[6]       ; VendingMachine:inst|y.S1 ; CLK        ; CLK      ; None                        ; None                      ; 1.290 ns                ;
; N/A   ; Restricted to 500.00 MHz ( period = 2.000 ns ) ; STORE:inst4|TMP[6]       ; VendingMachine:inst|y.S0 ; CLK        ; CLK      ; None                        ; None                      ; 1.235 ns                ;
; N/A   ; Restricted to 500.00 MHz ( period = 2.000 ns ) ; STORE:inst4|TMP[7]       ; VendingMachine:inst|y.S2 ; CLK        ; CLK      ; None                        ; None                      ; 1.202 ns                ;
; N/A   ; Restricted to 500.00 MHz ( period = 2.000 ns ) ; VendingMachine:inst|y.S2 ; VendingMachine:inst|y.S2 ; CLK        ; CLK      ; None                        ; None                      ; 1.177 ns                ;
; N/A   ; Restricted to 500.00 MHz ( period = 2.000 ns ) ; STORE:inst4|TMP[2]       ; VendingMachine:inst|y.S2 ; CLK        ; CLK      ; None                        ; None                      ; 1.180 ns                ;
; N/A   ; Restricted to 500.00 MHz ( period = 2.000 ns ) ; STORE:inst4|TMP[3]       ; VendingMachine:inst|y.S2 ; CLK        ; CLK      ; None                        ; None                      ; 1.167 ns                ;
; N/A   ; Restricted to 500.00 MHz ( period = 2.000 ns ) ; STORE:inst4|TMP[6]       ; VendingMachine:inst|y.S2 ; CLK        ; CLK      ; None                        ; None                      ; 1.139 ns                ;
; N/A   ; Restricted to 500.00 MHz ( period = 2.000 ns ) ; VendingMachine:inst|y.S2 ; VendingMachine:inst|y.S0 ; CLK        ; CLK      ; None                        ; None                      ; 1.038 ns                ;
; N/A   ; Restricted to 500.00 MHz ( period = 2.000 ns ) ; VendingMachine:inst|y.S2 ; VendingMachine:inst|y.S1 ; CLK        ; CLK      ; None                        ; None                      ; 0.830 ns                ;
; N/A   ; Restricted to 500.00 MHz ( period = 2.000 ns ) ; VendingMachine:inst|y.S1 ; VendingMachine:inst|y.S2 ; CLK        ; CLK      ; None                        ; None                      ; 0.827 ns                ;
; N/A   ; Restricted to 500.00 MHz ( period = 2.000 ns ) ; VendingMachine:inst|y.S0 ; VendingMachine:inst|y.S1 ; CLK        ; CLK      ; None                        ; None                      ; 0.699 ns                ;
; N/A   ; Restricted to 500.00 MHz ( period = 2.000 ns ) ; VendingMachine:inst|y.S0 ; VendingMachine:inst|y.S2 ; CLK        ; CLK      ; None                        ; None                      ; 0.647 ns                ;
; N/A   ; Restricted to 500.00 MHz ( period = 2.000 ns ) ; VendingMachine:inst|y.S0 ; VendingMachine:inst|y.S0 ; CLK        ; CLK      ; None                        ; None                      ; 0.488 ns                ;
; N/A   ; Restricted to 500.00 MHz ( period = 2.000 ns ) ; VendingMachine:inst|y.S1 ; VendingMachine:inst|y.S1 ; CLK        ; CLK      ; None                        ; None                      ; 0.396 ns                ;
+-------+------------------------------------------------+--------------------------+--------------------------+------------+----------+-----------------------------+---------------------------+-------------------------+


+--------------------------------------------------------------------------------+
; tsu                                                                            ;
+-------+--------------+------------+------+--------------------------+----------+
; Slack ; Required tsu ; Actual tsu ; From ; To                       ; To Clock ;
+-------+--------------+------------+------+--------------------------+----------+
; N/A   ; None         ; 5.301 ns   ; N    ; STORE:inst4|TMP[7]       ; CLK      ;
; N/A   ; None         ; 5.177 ns   ; N    ; STORE:inst4|TMP[6]       ; CLK      ;
; N/A   ; None         ; 5.147 ns   ; Q    ; STORE:inst4|TMP[7]       ; CLK      ;
; N/A   ; None         ; 5.142 ns   ; N    ; STORE:inst4|TMP[5]       ; CLK      ;
; N/A   ; None         ; 5.107 ns   ; N    ; STORE:inst4|TMP[4]       ; CLK      ;
; N/A   ; None         ; 5.072 ns   ; N    ; STORE:inst4|TMP[3]       ; CLK      ;
; N/A   ; None         ; 5.037 ns   ; N    ; STORE:inst4|TMP[2]       ; CLK      ;
; N/A   ; None         ; 5.023 ns   ; Q    ; STORE:inst4|TMP[6]       ; CLK      ;
; N/A   ; None         ; 5.002 ns   ; N    ; STORE:inst4|TMP[1]       ; CLK      ;
; N/A   ; None         ; 4.988 ns   ; Q    ; STORE:inst4|TMP[5]       ; CLK      ;
; N/A   ; None         ; 4.953 ns   ; Q    ; STORE:inst4|TMP[4]       ; CLK      ;
; N/A   ; None         ; 4.932 ns   ; N    ; STORE:inst4|TMP[0]       ; CLK      ;
; N/A   ; None         ; 4.918 ns   ; Q    ; STORE:inst4|TMP[3]       ; CLK      ;
; N/A   ; None         ; 4.883 ns   ; Q    ; STORE:inst4|TMP[2]       ; CLK      ;
; N/A   ; None         ; 4.848 ns   ; Q    ; STORE:inst4|TMP[1]       ; CLK      ;
; N/A   ; None         ; 4.778 ns   ; Q    ; STORE:inst4|TMP[0]       ; CLK      ;
; N/A   ; None         ; 4.617 ns   ; D    ; STORE:inst4|TMP[7]       ; CLK      ;
; N/A   ; None         ; 4.493 ns   ; D    ; STORE:inst4|TMP[6]       ; CLK      ;
; N/A   ; None         ; 4.458 ns   ; D    ; STORE:inst4|TMP[5]       ; CLK      ;
; N/A   ; None         ; 4.423 ns   ; D    ; STORE:inst4|TMP[4]       ; CLK      ;
; N/A   ; None         ; 4.388 ns   ; D    ; STORE:inst4|TMP[3]       ; CLK      ;
; N/A   ; None         ; 4.325 ns   ; D    ; STORE:inst4|TMP[2]       ; CLK      ;
; N/A   ; None         ; 4.221 ns   ; D    ; STORE:inst4|TMP[1]       ; CLK      ;
; N/A   ; None         ; 4.181 ns   ; N    ; VendingMachine:inst|y.S1 ; CLK      ;
; N/A   ; None         ; 4.164 ns   ; N    ; VendingMachine:inst|y.S2 ; CLK      ;
; N/A   ; None         ; 4.151 ns   ; D    ; STORE:inst4|TMP[0]       ; CLK      ;
; N/A   ; None         ; 4.005 ns   ; Q    ; VendingMachine:inst|y.S1 ; CLK      ;
; N/A   ; None         ; 3.988 ns   ; Q    ; VendingMachine:inst|y.S2 ; CLK      ;
; N/A   ; None         ; 3.537 ns   ; S    ; VendingMachine:inst|y.S2 ; CLK      ;
; N/A   ; None         ; 3.163 ns   ; S    ; VendingMachine:inst|y.S0 ; CLK      ;
; N/A   ; None         ; 3.158 ns   ; S    ; VendingMachine:inst|y.S1 ; CLK      ;
; N/A   ; None         ; 3.146 ns   ; D    ; VendingMachine:inst|y.S1 ; CLK      ;
; N/A   ; None         ; 3.129 ns   ; D    ; VendingMachine:inst|y.S2 ; CLK      ;
+-------+--------------+------------+------+--------------------------+----------+


+------------------------------------------------------------------------------------------+
; tco                                                                                      ;
+-------+--------------+------------+--------------------------+--------------+------------+
; Slack ; Required tco ; Actual tco ; From                     ; To           ; From Clock ;
+-------+--------------+------------+--------------------------+--------------+------------+
; N/A   ; None         ; 7.465 ns   ; VendingMachine:inst|y.S1 ; COINvalue[3] ; CLK        ;
; N/A   ; None         ; 7.353 ns   ; STORE:inst4|TMP[5]       ; COINvalue[3] ; CLK        ;
; N/A   ; None         ; 7.324 ns   ; STORE:inst4|TMP[1]       ; COINvalue[3] ; CLK        ;
; N/A   ; None         ; 7.234 ns   ; STORE:inst4|TMP[0]       ; COINvalue[3] ; CLK        ;
; N/A   ; None         ; 7.225 ns   ; STORE:inst4|TMP[4]       ; COINvalue[3] ; CLK        ;
; N/A   ; None         ; 7.082 ns   ; STORE:inst4|TMP[2]       ; COINvalue[3] ; CLK        ;
; N/A   ; None         ; 7.074 ns   ; STORE:inst4|TMP[7]       ; COINvalue[3] ; CLK        ;
; N/A   ; None         ; 7.068 ns   ; STORE:inst4|TMP[3]       ; COINvalue[3] ; CLK        ;
; N/A   ; None         ; 6.921 ns   ; STORE:inst4|TMP[5]       ; COINvalue[2] ; CLK        ;
; N/A   ; None         ; 6.916 ns   ; STORE:inst4|TMP[5]       ; COINvalue[4] ; CLK        ;
; N/A   ; None         ; 6.892 ns   ; STORE:inst4|TMP[1]       ; COINvalue[2] ; CLK        ;
; N/A   ; None         ; 6.891 ns   ; VendingMachine:inst|y.S1 ; COINvalue[2] ; CLK        ;
; N/A   ; None         ; 6.887 ns   ; STORE:inst4|TMP[1]       ; COINvalue[4] ; CLK        ;
; N/A   ; None         ; 6.886 ns   ; VendingMachine:inst|y.S1 ; COINvalue[4] ; CLK        ;
; N/A   ; None         ; 6.857 ns   ; STORE:inst4|TMP[5]       ; COINvalue[1] ; CLK        ;
; N/A   ; None         ; 6.845 ns   ; STORE:inst4|TMP[6]       ; COINvalue[3] ; CLK        ;
; N/A   ; None         ; 6.828 ns   ; STORE:inst4|TMP[1]       ; COINvalue[1] ; CLK        ;
; N/A   ; None         ; 6.827 ns   ; VendingMachine:inst|y.S1 ; COINvalue[1] ; CLK        ;
; N/A   ; None         ; 6.802 ns   ; STORE:inst4|TMP[0]       ; COINvalue[2] ; CLK        ;
; N/A   ; None         ; 6.797 ns   ; STORE:inst4|TMP[0]       ; COINvalue[4] ; CLK        ;
; N/A   ; None         ; 6.793 ns   ; STORE:inst4|TMP[4]       ; COINvalue[2] ; CLK        ;
; N/A   ; None         ; 6.788 ns   ; STORE:inst4|TMP[4]       ; COINvalue[4] ; CLK        ;
; N/A   ; None         ; 6.774 ns   ; STORE:inst4|TMP[5]       ; COINvalue[0] ; CLK        ;
; N/A   ; None         ; 6.765 ns   ; VendingMachine:inst|y.S2 ; COINvalue[3] ; CLK        ;
; N/A   ; None         ; 6.746 ns   ; VendingMachine:inst|y.S2 ; COINvalue[2] ; CLK        ;
; N/A   ; None         ; 6.745 ns   ; STORE:inst4|TMP[1]       ; COINvalue[0] ; CLK        ;
; N/A   ; None         ; 6.744 ns   ; VendingMachine:inst|y.S1 ; COINvalue[0] ; CLK        ;
; N/A   ; None         ; 6.741 ns   ; VendingMachine:inst|y.S2 ; COINvalue[4] ; CLK        ;
; N/A   ; None         ; 6.738 ns   ; STORE:inst4|TMP[0]       ; COINvalue[1] ; CLK        ;
; N/A   ; None         ; 6.729 ns   ; STORE:inst4|TMP[4]       ; COINvalue[1] ; CLK        ;
; N/A   ; None         ; 6.710 ns   ; STORE:inst4|TMP[7]       ; COINvalue[2] ; CLK        ;
; N/A   ; None         ; 6.705 ns   ; STORE:inst4|TMP[7]       ; COINvalue[4] ; CLK        ;
; N/A   ; None         ; 6.682 ns   ; VendingMachine:inst|y.S2 ; COINvalue[1] ; CLK        ;
; N/A   ; None         ; 6.655 ns   ; STORE:inst4|TMP[0]       ; COINvalue[0] ; CLK        ;
; N/A   ; None         ; 6.649 ns   ; STORE:inst4|TMP[2]       ; COINvalue[2] ; CLK        ;
; N/A   ; None         ; 6.646 ns   ; STORE:inst4|TMP[4]       ; COINvalue[0] ; CLK        ;
; N/A   ; None         ; 6.646 ns   ; STORE:inst4|TMP[7]       ; COINvalue[1] ; CLK        ;
; N/A   ; None         ; 6.644 ns   ; STORE:inst4|TMP[2]       ; COINvalue[4] ; CLK        ;
; N/A   ; None         ; 6.639 ns   ; STORE:inst4|TMP[5]       ; RET          ; CLK        ;
; N/A   ; None         ; 6.636 ns   ; STORE:inst4|TMP[3]       ; COINvalue[2] ; CLK        ;
; N/A   ; None         ; 6.631 ns   ; STORE:inst4|TMP[3]       ; COINvalue[4] ; CLK        ;
; N/A   ; None         ; 6.610 ns   ; STORE:inst4|TMP[1]       ; RET          ; CLK        ;
; N/A   ; None         ; 6.599 ns   ; VendingMachine:inst|y.S2 ; COINvalue[0] ; CLK        ;
; N/A   ; None         ; 6.585 ns   ; STORE:inst4|TMP[2]       ; COINvalue[1] ; CLK        ;
; N/A   ; None         ; 6.572 ns   ; STORE:inst4|TMP[3]       ; COINvalue[1] ; CLK        ;
; N/A   ; None         ; 6.563 ns   ; STORE:inst4|TMP[7]       ; COINvalue[0] ; CLK        ;
; N/A   ; None         ; 6.520 ns   ; STORE:inst4|TMP[0]       ; RET          ; CLK        ;
; N/A   ; None         ; 6.511 ns   ; STORE:inst4|TMP[4]       ; RET          ; CLK        ;
; N/A   ; None         ; 6.502 ns   ; STORE:inst4|TMP[2]       ; COINvalue[0] ; CLK        ;
; N/A   ; None         ; 6.492 ns   ; STORE:inst4|TMP[5]       ; No           ; CLK        ;
; N/A   ; None         ; 6.489 ns   ; STORE:inst4|TMP[3]       ; COINvalue[0] ; CLK        ;
; N/A   ; None         ; 6.489 ns   ; STORE:inst4|TMP[6]       ; COINvalue[2] ; CLK        ;
; N/A   ; None         ; 6.484 ns   ; STORE:inst4|TMP[6]       ; COINvalue[4] ; CLK        ;
; N/A   ; None         ; 6.463 ns   ; STORE:inst4|TMP[1]       ; No           ; CLK        ;
; N/A   ; None         ; 6.462 ns   ; VendingMachine:inst|y.S1 ; No           ; CLK        ;
; N/A   ; None         ; 6.462 ns   ; STORE:inst4|TMP[5]       ; SUB          ; CLK        ;
; N/A   ; None         ; 6.433 ns   ; STORE:inst4|TMP[1]       ; SUB          ; CLK        ;
; N/A   ; None         ; 6.425 ns   ; STORE:inst4|TMP[6]       ; COINvalue[1] ; CLK        ;
; N/A   ; None         ; 6.391 ns   ; STORE:inst4|TMP[7]       ; RET          ; CLK        ;
; N/A   ; None         ; 6.374 ns   ; VendingMachine:inst|y.S0 ; CLR          ; CLK        ;
; N/A   ; None         ; 6.373 ns   ; STORE:inst4|TMP[0]       ; No           ; CLK        ;
; N/A   ; None         ; 6.367 ns   ; STORE:inst4|TMP[2]       ; RET          ; CLK        ;
; N/A   ; None         ; 6.364 ns   ; STORE:inst4|TMP[4]       ; No           ; CLK        ;
; N/A   ; None         ; 6.354 ns   ; STORE:inst4|TMP[3]       ; RET          ; CLK        ;
; N/A   ; None         ; 6.343 ns   ; STORE:inst4|TMP[0]       ; SUB          ; CLK        ;
; N/A   ; None         ; 6.342 ns   ; STORE:inst4|TMP[6]       ; COINvalue[0] ; CLK        ;
; N/A   ; None         ; 6.334 ns   ; STORE:inst4|TMP[4]       ; SUB          ; CLK        ;
; N/A   ; None         ; 6.317 ns   ; VendingMachine:inst|y.S2 ; No           ; CLK        ;
; N/A   ; None         ; 6.281 ns   ; STORE:inst4|TMP[7]       ; No           ; CLK        ;
; N/A   ; None         ; 6.220 ns   ; STORE:inst4|TMP[2]       ; No           ; CLK        ;
; N/A   ; None         ; 6.212 ns   ; STORE:inst4|TMP[7]       ; SUB          ; CLK        ;
; N/A   ; None         ; 6.207 ns   ; STORE:inst4|TMP[3]       ; No           ; CLK        ;
; N/A   ; None         ; 6.192 ns   ; STORE:inst4|TMP[6]       ; RET          ; CLK        ;
; N/A   ; None         ; 6.190 ns   ; VendingMachine:inst|y.S2 ; SUB          ; CLK        ;
; N/A   ; None         ; 6.190 ns   ; STORE:inst4|TMP[2]       ; SUB          ; CLK        ;
; N/A   ; None         ; 6.177 ns   ; STORE:inst4|TMP[3]       ; SUB          ; CLK        ;
; N/A   ; None         ; 6.168 ns   ; VendingMachine:inst|y.S1 ; Do           ; CLK        ;
; N/A   ; None         ; 6.149 ns   ; STORE:inst4|TMP[6]       ; SUB          ; CLK        ;
; N/A   ; None         ; 6.060 ns   ; STORE:inst4|TMP[6]       ; No           ; CLK        ;
; N/A   ; None         ; 5.862 ns   ; VendingMachine:inst|y.S0 ; VALID        ; CLK        ;
; N/A   ; None         ; 5.846 ns   ; STORE:inst4|TMP[2]       ; TOTAL[2]     ; CLK        ;
; N/A   ; None         ; 5.746 ns   ; VendingMachine:inst|y.S1 ; Qo           ; CLK        ;
; N/A   ; None         ; 5.704 ns   ; STORE:inst4|TMP[6]       ; TOTAL[6]     ; CLK        ;
; N/A   ; None         ; 5.680 ns   ; STORE:inst4|TMP[5]       ; TOTAL[5]     ; CLK        ;
; N/A   ; None         ; 5.660 ns   ; STORE:inst4|TMP[4]       ; TOTAL[4]     ; CLK        ;
; N/A   ; None         ; 5.656 ns   ; STORE:inst4|TMP[7]       ; TOTAL[7]     ; CLK        ;
; N/A   ; None         ; 5.586 ns   ; STORE:inst4|TMP[1]       ; TOTAL[1]     ; CLK        ;
; N/A   ; None         ; 5.546 ns   ; STORE:inst4|TMP[3]       ; TOTAL[3]     ; CLK        ;
; N/A   ; None         ; 5.474 ns   ; STORE:inst4|TMP[0]       ; TOTAL[0]     ; CLK        ;
+-------+--------------+------------+--------------------------+--------------+------------+


+-------------------------------------------------------------------+
; tpd                                                               ;
+-------+-------------------+-----------------+------+--------------+
; Slack ; Required P2P Time ; Actual P2P Time ; From ; To           ;
+-------+-------------------+-----------------+------+--------------+
; N/A   ; None              ; 10.191 ns       ; Q    ; COINvalue[3] ;
; N/A   ; None              ; 10.185 ns       ; N    ; COINvalue[3] ;
; N/A   ; None              ; 9.649 ns        ; D    ; COINvalue[3] ;
; N/A   ; None              ; 9.611 ns        ; N    ; COINvalue[2] ;
; N/A   ; None              ; 9.606 ns        ; N    ; COINvalue[4] ;
; N/A   ; None              ; 9.547 ns        ; N    ; COINvalue[1] ;
; N/A   ; None              ; 9.464 ns        ; N    ; COINvalue[0] ;
; N/A   ; None              ; 9.464 ns        ; Q    ; COINvalue[2] ;
; N/A   ; None              ; 9.395 ns        ; Q    ; COINvalue[1] ;
; N/A   ; None              ; 9.310 ns        ; Q    ; COINvalue[0] ;
; N/A   ; None              ; 9.182 ns        ; N    ; No           ;
; N/A   ; None              ; 9.176 ns        ; Q    ; COINvalue[4] ;
; N/A   ; None              ; 8.996 ns        ; D    ; COINvalue[2] ;
; N/A   ; None              ; 8.770 ns        ; C    ; CLR          ;
; N/A   ; None              ; 8.769 ns        ; D    ; COINvalue[1] ;
; N/A   ; None              ; 8.683 ns        ; D    ; COINvalue[0] ;
; N/A   ; None              ; 8.670 ns        ; D    ; COINvalue[4] ;
; N/A   ; None              ; 8.644 ns        ; Q    ; Qo           ;
; N/A   ; None              ; 8.403 ns        ; D    ; Do           ;
+-------+-------------------+-----------------+------+--------------+


+--------------------------------------------------------------------------------------+
; th                                                                                   ;
+---------------+-------------+-----------+------+--------------------------+----------+
; Minimum Slack ; Required th ; Actual th ; From ; To                       ; To Clock ;
+---------------+-------------+-----------+------+--------------------------+----------+
; N/A           ; None        ; -2.890 ns ; D    ; VendingMachine:inst|y.S2 ; CLK      ;
; N/A           ; None        ; -2.907 ns ; D    ; VendingMachine:inst|y.S1 ; CLK      ;
; N/A           ; None        ; -2.919 ns ; S    ; VendingMachine:inst|y.S1 ; CLK      ;
; N/A           ; None        ; -2.924 ns ; S    ; VendingMachine:inst|y.S0 ; CLK      ;
; N/A           ; None        ; -3.298 ns ; S    ; VendingMachine:inst|y.S2 ; CLK      ;
; N/A           ; None        ; -3.581 ns ; D    ; STORE:inst4|TMP[3]       ; CLK      ;
; N/A           ; None        ; -3.651 ns ; D    ; STORE:inst4|TMP[4]       ; CLK      ;
; N/A           ; None        ; -3.686 ns ; D    ; STORE:inst4|TMP[5]       ; CLK      ;
; N/A           ; None        ; -3.721 ns ; D    ; STORE:inst4|TMP[6]       ; CLK      ;
; N/A           ; None        ; -3.749 ns ; Q    ; VendingMachine:inst|y.S2 ; CLK      ;
; N/A           ; None        ; -3.766 ns ; Q    ; VendingMachine:inst|y.S1 ; CLK      ;
; N/A           ; None        ; -3.845 ns ; D    ; STORE:inst4|TMP[7]       ; CLK      ;
; N/A           ; None        ; -3.912 ns ; D    ; STORE:inst4|TMP[0]       ; CLK      ;
; N/A           ; None        ; -3.924 ns ; D    ; STORE:inst4|TMP[1]       ; CLK      ;
; N/A           ; None        ; -3.925 ns ; N    ; VendingMachine:inst|y.S2 ; CLK      ;
; N/A           ; None        ; -3.942 ns ; N    ; VendingMachine:inst|y.S1 ; CLK      ;
; N/A           ; None        ; -3.987 ns ; D    ; STORE:inst4|TMP[2]       ; CLK      ;
; N/A           ; None        ; -4.000 ns ; N    ; STORE:inst4|TMP[3]       ; CLK      ;
; N/A           ; None        ; -4.063 ns ; N    ; STORE:inst4|TMP[4]       ; CLK      ;
; N/A           ; None        ; -4.098 ns ; N    ; STORE:inst4|TMP[5]       ; CLK      ;
; N/A           ; None        ; -4.123 ns ; Q    ; STORE:inst4|TMP[3]       ; CLK      ;
; N/A           ; None        ; -4.133 ns ; N    ; STORE:inst4|TMP[6]       ; CLK      ;
; N/A           ; None        ; -4.193 ns ; Q    ; STORE:inst4|TMP[4]       ; CLK      ;
; N/A           ; None        ; -4.228 ns ; Q    ; STORE:inst4|TMP[5]       ; CLK      ;
; N/A           ; None        ; -4.257 ns ; N    ; STORE:inst4|TMP[7]       ; CLK      ;
; N/A           ; None        ; -4.263 ns ; Q    ; STORE:inst4|TMP[6]       ; CLK      ;
; N/A           ; None        ; -4.387 ns ; Q    ; STORE:inst4|TMP[7]       ; CLK      ;
; N/A           ; None        ; -4.539 ns ; Q    ; STORE:inst4|TMP[0]       ; CLK      ;
; N/A           ; None        ; -4.550 ns ; Q    ; STORE:inst4|TMP[1]       ; CLK      ;
; N/A           ; None        ; -4.554 ns ; Q    ; STORE:inst4|TMP[2]       ; CLK      ;
; N/A           ; None        ; -4.693 ns ; N    ; STORE:inst4|TMP[0]       ; CLK      ;
; N/A           ; None        ; -4.701 ns ; N    ; STORE:inst4|TMP[2]       ; CLK      ;
; N/A           ; None        ; -4.702 ns ; N    ; STORE:inst4|TMP[1]       ; CLK      ;
+---------------+-------------+-----------+------+--------------------------+----------+


+--------------------------+
; Timing Analyzer Messages ;
+--------------------------+
Info: *******************************************************************
Info: Running Quartus II Classic Timing Analyzer
    Info: Version 9.1 Build 222 10/21/2009 SJ Web Edition
    Info: Processing started: Tue Apr 19 22:49:28 2016
Info: Command: quartus_tan --read_settings_files=off --write_settings_files=off VendingMachine -c VendingMachine --timing_analysis_only
Warning: Found pins functioning as undefined clocks and/or memory enables
    Info: Assuming node "CLK" is an undefined clock
Info: Clock "CLK" has Internal fmax of 382.7 MHz between source register "STORE:inst4|TMP[5]" and destination register "STORE:inst4|TMP[7]" (period= 2.613 ns)
    Info: + Longest register to register delay is 2.429 ns
        Info: 1: + IC(0.000 ns) + CELL(0.000 ns) = 0.000 ns; Loc. = LCFF_X29_Y7_N13; Fanout = 5; REG Node = 'STORE:inst4|TMP[5]'
        Info: 2: + IC(0.281 ns) + CELL(0.378 ns) = 0.659 ns; Loc. = LCCOMB_X29_Y7_N20; Fanout = 4; COMB Node = 'COMPAR:inst1|LessThan0~0'
        Info: 3: + IC(0.320 ns) + CELL(0.053 ns) = 1.032 ns; Loc. = LCCOMB_X30_Y7_N24; Fanout = 6; COMB Node = 'COMPAR:inst1|LessThan0~2'
        Info: 4: + IC(0.366 ns) + CELL(0.545 ns) = 1.943 ns; Loc. = LCCOMB_X29_Y7_N4; Fanout = 2; COMB Node = 'ADDSUB:inst3|Add0~11'
        Info: 5: + IC(0.000 ns) + CELL(0.035 ns) = 1.978 ns; Loc. = LCCOMB_X29_Y7_N6; Fanout = 2; COMB Node = 'ADDSUB:inst3|Add0~15'
        Info: 6: + IC(0.000 ns) + CELL(0.035 ns) = 2.013 ns; Loc. = LCCOMB_X29_Y7_N8; Fanout = 2; COMB Node = 'ADDSUB:inst3|Add0~19'
        Info: 7: + IC(0.000 ns) + CELL(0.035 ns) = 2.048 ns; Loc. = LCCOMB_X29_Y7_N10; Fanout = 2; COMB Node = 'ADDSUB:inst3|Add0~23'
        Info: 8: + IC(0.000 ns) + CELL(0.035 ns) = 2.083 ns; Loc. = LCCOMB_X29_Y7_N12; Fanout = 2; COMB Node = 'ADDSUB:inst3|Add0~27'
        Info: 9: + IC(0.000 ns) + CELL(0.124 ns) = 2.207 ns; Loc. = LCCOMB_X29_Y7_N14; Fanout = 1; COMB Node = 'ADDSUB:inst3|Add0~31'
        Info: 10: + IC(0.000 ns) + CELL(0.125 ns) = 2.332 ns; Loc. = LCCOMB_X29_Y7_N16; Fanout = 1; COMB Node = 'ADDSUB:inst3|Add0~34'
        Info: 11: + IC(0.000 ns) + CELL(0.097 ns) = 2.429 ns; Loc. = LCFF_X29_Y7_N17; Fanout = 17; REG Node = 'STORE:inst4|TMP[7]'
        Info: Total cell delay = 1.462 ns ( 60.19 % )
        Info: Total interconnect delay = 0.967 ns ( 39.81 % )
    Info: - Smallest clock skew is 0.000 ns
        Info: + Shortest clock path from clock "CLK" to destination register is 2.464 ns
            Info: 1: + IC(0.000 ns) + CELL(0.854 ns) = 0.854 ns; Loc. = PIN_N20; Fanout = 1; CLK Node = 'CLK'
            Info: 2: + IC(0.343 ns) + CELL(0.000 ns) = 1.197 ns; Loc. = CLKCTRL_G3; Fanout = 11; COMB Node = 'CLK~clkctrl'
            Info: 3: + IC(0.649 ns) + CELL(0.618 ns) = 2.464 ns; Loc. = LCFF_X29_Y7_N17; Fanout = 17; REG Node = 'STORE:inst4|TMP[7]'
            Info: Total cell delay = 1.472 ns ( 59.74 % )
            Info: Total interconnect delay = 0.992 ns ( 40.26 % )
        Info: - Longest clock path from clock "CLK" to source register is 2.464 ns
            Info: 1: + IC(0.000 ns) + CELL(0.854 ns) = 0.854 ns; Loc. = PIN_N20; Fanout = 1; CLK Node = 'CLK'
            Info: 2: + IC(0.343 ns) + CELL(0.000 ns) = 1.197 ns; Loc. = CLKCTRL_G3; Fanout = 11; COMB Node = 'CLK~clkctrl'
            Info: 3: + IC(0.649 ns) + CELL(0.618 ns) = 2.464 ns; Loc. = LCFF_X29_Y7_N13; Fanout = 5; REG Node = 'STORE:inst4|TMP[5]'
            Info: Total cell delay = 1.472 ns ( 59.74 % )
            Info: Total interconnect delay = 0.992 ns ( 40.26 % )
    Info: + Micro clock to output delay of source is 0.094 ns
    Info: + Micro setup delay of destination is 0.090 ns
Info: tsu for register "STORE:inst4|TMP[7]" (data pin = "N", clock pin = "CLK") is 5.301 ns
    Info: + Longest pin to register delay is 7.675 ns
        Info: 1: + IC(0.000 ns) + CELL(0.857 ns) = 0.857 ns; Loc. = PIN_A6; Fanout = 2; PIN Node = 'N'
        Info: 2: + IC(4.548 ns) + CELL(0.228 ns) = 5.633 ns; Loc. = LCCOMB_X29_Y7_N26; Fanout = 4; COMB Node = 'VendingMachine:inst|Selector3~0'
        Info: 3: + IC(0.320 ns) + CELL(0.225 ns) = 6.178 ns; Loc. = LCCOMB_X29_Y7_N30; Fanout = 5; COMB Node = 'VendingMachine:inst|Selector3~1'
        Info: 4: + IC(0.237 ns) + CELL(0.053 ns) = 6.468 ns; Loc. = LCCOMB_X29_Y7_N24; Fanout = 3; COMB Node = 'DECODER:inst2|Mux4~0'
        Info: 5: + IC(0.250 ns) + CELL(0.436 ns) = 7.154 ns; Loc. = LCCOMB_X29_Y7_N2; Fanout = 2; COMB Node = 'ADDSUB:inst3|Add0~7'
        Info: 6: + IC(0.000 ns) + CELL(0.035 ns) = 7.189 ns; Loc. = LCCOMB_X29_Y7_N4; Fanout = 2; COMB Node = 'ADDSUB:inst3|Add0~11'
        Info: 7: + IC(0.000 ns) + CELL(0.035 ns) = 7.224 ns; Loc. = LCCOMB_X29_Y7_N6; Fanout = 2; COMB Node = 'ADDSUB:inst3|Add0~15'
        Info: 8: + IC(0.000 ns) + CELL(0.035 ns) = 7.259 ns; Loc. = LCCOMB_X29_Y7_N8; Fanout = 2; COMB Node = 'ADDSUB:inst3|Add0~19'
        Info: 9: + IC(0.000 ns) + CELL(0.035 ns) = 7.294 ns; Loc. = LCCOMB_X29_Y7_N10; Fanout = 2; COMB Node = 'ADDSUB:inst3|Add0~23'
        Info: 10: + IC(0.000 ns) + CELL(0.035 ns) = 7.329 ns; Loc. = LCCOMB_X29_Y7_N12; Fanout = 2; COMB Node = 'ADDSUB:inst3|Add0~27'
        Info: 11: + IC(0.000 ns) + CELL(0.124 ns) = 7.453 ns; Loc. = LCCOMB_X29_Y7_N14; Fanout = 1; COMB Node = 'ADDSUB:inst3|Add0~31'
        Info: 12: + IC(0.000 ns) + CELL(0.125 ns) = 7.578 ns; Loc. = LCCOMB_X29_Y7_N16; Fanout = 1; COMB Node = 'ADDSUB:inst3|Add0~34'
        Info: 13: + IC(0.000 ns) + CELL(0.097 ns) = 7.675 ns; Loc. = LCFF_X29_Y7_N17; Fanout = 17; REG Node = 'STORE:inst4|TMP[7]'
        Info: Total cell delay = 2.320 ns ( 30.23 % )
        Info: Total interconnect delay = 5.355 ns ( 69.77 % )
    Info: + Micro setup delay of destination is 0.090 ns
    Info: - Shortest clock path from clock "CLK" to destination register is 2.464 ns
        Info: 1: + IC(0.000 ns) + CELL(0.854 ns) = 0.854 ns; Loc. = PIN_N20; Fanout = 1; CLK Node = 'CLK'
        Info: 2: + IC(0.343 ns) + CELL(0.000 ns) = 1.197 ns; Loc. = CLKCTRL_G3; Fanout = 11; COMB Node = 'CLK~clkctrl'
        Info: 3: + IC(0.649 ns) + CELL(0.618 ns) = 2.464 ns; Loc. = LCFF_X29_Y7_N17; Fanout = 17; REG Node = 'STORE:inst4|TMP[7]'
        Info: Total cell delay = 1.472 ns ( 59.74 % )
        Info: Total interconnect delay = 0.992 ns ( 40.26 % )
Info: tco from clock "CLK" to destination pin "COINvalue[3]" through register "VendingMachine:inst|y.S1" is 7.465 ns
    Info: + Longest clock path from clock "CLK" to source register is 2.467 ns
        Info: 1: + IC(0.000 ns) + CELL(0.854 ns) = 0.854 ns; Loc. = PIN_N20; Fanout = 1; CLK Node = 'CLK'
        Info: 2: + IC(0.343 ns) + CELL(0.000 ns) = 1.197 ns; Loc. = CLKCTRL_G3; Fanout = 11; COMB Node = 'CLK~clkctrl'
        Info: 3: + IC(0.652 ns) + CELL(0.618 ns) = 2.467 ns; Loc. = LCFF_X30_Y7_N17; Fanout = 6; REG Node = 'VendingMachine:inst|y.S1'
        Info: Total cell delay = 1.472 ns ( 59.67 % )
        Info: Total interconnect delay = 0.995 ns ( 40.33 % )
    Info: + Micro clock to output delay of source is 0.094 ns
    Info: + Longest register to pin delay is 4.904 ns
        Info: 1: + IC(0.000 ns) + CELL(0.000 ns) = 0.000 ns; Loc. = LCFF_X30_Y7_N17; Fanout = 6; REG Node = 'VendingMachine:inst|y.S1'
        Info: 2: + IC(0.299 ns) + CELL(0.053 ns) = 0.352 ns; Loc. = LCCOMB_X29_Y7_N26; Fanout = 4; COMB Node = 'VendingMachine:inst|Selector3~0'
        Info: 3: + IC(0.537 ns) + CELL(0.357 ns) = 1.246 ns; Loc. = LCCOMB_X30_Y7_N30; Fanout = 1; COMB Node = 'DECODER:inst2|Mux1~1'
        Info: 4: + IC(1.514 ns) + CELL(2.144 ns) = 4.904 ns; Loc. = PIN_N21; Fanout = 0; PIN Node = 'COINvalue[3]'
        Info: Total cell delay = 2.554 ns ( 52.08 % )
        Info: Total interconnect delay = 2.350 ns ( 47.92 % )
Info: Longest tpd from source pin "Q" to destination pin "COINvalue[3]" is 10.191 ns
    Info: 1: + IC(0.000 ns) + CELL(0.847 ns) = 0.847 ns; Loc. = PIN_C6; Fanout = 3; PIN Node = 'Q'
    Info: 2: + IC(4.557 ns) + CELL(0.228 ns) = 5.632 ns; Loc. = LCCOMB_X30_Y7_N22; Fanout = 3; COMB Node = 'DECODER:inst2|Mux1~0'
    Info: 3: + IC(0.523 ns) + CELL(0.378 ns) = 6.533 ns; Loc. = LCCOMB_X30_Y7_N30; Fanout = 1; COMB Node = 'DECODER:inst2|Mux1~1'
    Info: 4: + IC(1.514 ns) + CELL(2.144 ns) = 10.191 ns; Loc. = PIN_N21; Fanout = 0; PIN Node = 'COINvalue[3]'
    Info: Total cell delay = 3.597 ns ( 35.30 % )
    Info: Total interconnect delay = 6.594 ns ( 64.70 % )
Info: th for register "VendingMachine:inst|y.S2" (data pin = "D", clock pin = "CLK") is -2.890 ns
    Info: + Longest clock path from clock "CLK" to destination register is 2.467 ns
        Info: 1: + IC(0.000 ns) + CELL(0.854 ns) = 0.854 ns; Loc. = PIN_N20; Fanout = 1; CLK Node = 'CLK'
        Info: 2: + IC(0.343 ns) + CELL(0.000 ns) = 1.197 ns; Loc. = CLKCTRL_G3; Fanout = 11; COMB Node = 'CLK~clkctrl'
        Info: 3: + IC(0.652 ns) + CELL(0.618 ns) = 2.467 ns; Loc. = LCFF_X30_Y7_N7; Fanout = 21; REG Node = 'VendingMachine:inst|y.S2'
        Info: Total cell delay = 1.472 ns ( 59.67 % )
        Info: Total interconnect delay = 0.995 ns ( 40.33 % )
    Info: + Micro hold delay of destination is 0.149 ns
    Info: - Shortest pin to register delay is 5.506 ns
        Info: 1: + IC(0.000 ns) + CELL(0.830 ns) = 0.830 ns; Loc. = PIN_T2; Fanout = 3; PIN Node = 'D'
        Info: 2: + IC(3.871 ns) + CELL(0.053 ns) = 4.754 ns; Loc. = LCCOMB_X30_Y7_N4; Fanout = 2; COMB Node = 'VendingMachine:inst|Selector1~0'
        Info: 3: + IC(0.251 ns) + CELL(0.346 ns) = 5.351 ns; Loc. = LCCOMB_X30_Y7_N6; Fanout = 1; COMB Node = 'VendingMachine:inst|y.S2~0'
        Info: 4: + IC(0.000 ns) + CELL(0.155 ns) = 5.506 ns; Loc. = LCFF_X30_Y7_N7; Fanout = 21; REG Node = 'VendingMachine:inst|y.S2'
        Info: Total cell delay = 1.384 ns ( 25.14 % )
        Info: Total interconnect delay = 4.122 ns ( 74.86 % )
Info: Quartus II Classic Timing Analyzer was successful. 0 errors, 1 warning
    Info: Peak virtual memory: 206 megabytes
    Info: Processing ended: Tue Apr 19 22:49:28 2016
    Info: Elapsed time: 00:00:00
    Info: Total CPU time (on all processors): 00:00:00


