Analysis & Synthesis report for PowerComputer
Wed May 04 04:35:18 2016
Quartus II Version 9.1 Build 222 10/21/2009 SJ Web Edition


---------------------
; Table of Contents ;
---------------------
  1. Legal Notice
  2. Analysis & Synthesis Summary
  3. Analysis & Synthesis Settings
  4. Parallel Compilation
  5. Analysis & Synthesis Source Files Read
  6. Analysis & Synthesis Resource Usage Summary
  7. Analysis & Synthesis Resource Utilization by Entity
  8. State Machine - |Block1|PowerComputer:inst|Y
  9. User-Specified and Inferred Latches
 10. General Register Statistics
 11. Multiplexer Restructuring Statistics (Restructuring Performed)
 12. Analysis & Synthesis Messages



----------------
; Legal Notice ;
----------------
Copyright (C) 1991-2009 Altera Corporation
Your use of Altera Corporation's design tools, logic functions 
and other software and tools, and its AMPP partner logic 
functions, and any output files from any of the foregoing 
(including device programming or simulation files), and any 
associated documentation or information are expressly subject 
to the terms and conditions of the Altera Program License 
Subscription Agreement, Altera MegaCore Function License 
Agreement, or other applicable license agreement, including, 
without limitation, that your use is for the sole purpose of 
programming logic devices manufactured by Altera and sold by 
Altera or its authorized distributors.  Please refer to the 
applicable agreement for further details.



+-------------------------------------------------------------------------+
; Analysis & Synthesis Summary                                            ;
+-------------------------------+-----------------------------------------+
; Analysis & Synthesis Status   ; Successful - Wed May 04 04:35:18 2016   ;
; Quartus II Version            ; 9.1 Build 222 10/21/2009 SJ Web Edition ;
; Revision Name                 ; PowerComputer                           ;
; Top-level Entity Name         ; Block1                                  ;
; Family                        ; Stratix II                              ;
; Logic utilization             ; N/A                                     ;
;     Combinational ALUTs       ; 67                                      ;
;     Dedicated logic registers ; 45                                      ;
; Total registers               ; 45                                      ;
; Total pins                    ; 82                                      ;
; Total virtual pins            ; 0                                       ;
; Total block memory bits       ; 0                                       ;
; DSP block 9-bit elements      ; 0                                       ;
; Total PLLs                    ; 0                                       ;
; Total DLLs                    ; 0                                       ;
+-------------------------------+-----------------------------------------+


+----------------------------------------------------------------------------------------------------------------------+
; Analysis & Synthesis Settings                                                                                        ;
+----------------------------------------------------------------------------+--------------------+--------------------+
; Option                                                                     ; Setting            ; Default Value      ;
+----------------------------------------------------------------------------+--------------------+--------------------+
; Top-level entity name                                                      ; Block1             ; PowerComputer      ;
; Family name                                                                ; Stratix II         ; Stratix II         ;
; Use Generated Physical Constraints File                                    ; Off                ;                    ;
; Use smart compilation                                                      ; Off                ; Off                ;
; Enable parallel Assembler and TimeQuest Timing Analyzer during compilation ; On                 ; On                 ;
; Enable compact report table                                                ; Off                ; Off                ;
; Restructure Multiplexers                                                   ; Auto               ; Auto               ;
; Create Debugging Nodes for IP Cores                                        ; Off                ; Off                ;
; Preserve fewer node names                                                  ; On                 ; On                 ;
; Disable OpenCore Plus hardware evaluation                                  ; Off                ; Off                ;
; Verilog Version                                                            ; Verilog_2001       ; Verilog_2001       ;
; VHDL Version                                                               ; VHDL_1993          ; VHDL_1993          ;
; State Machine Processing                                                   ; Auto               ; Auto               ;
; Safe State Machine                                                         ; Off                ; Off                ;
; Extract Verilog State Machines                                             ; On                 ; On                 ;
; Extract VHDL State Machines                                                ; On                 ; On                 ;
; Ignore Verilog initial constructs                                          ; Off                ; Off                ;
; Iteration limit for constant Verilog loops                                 ; 5000               ; 5000               ;
; Iteration limit for non-constant Verilog loops                             ; 250                ; 250                ;
; Add Pass-Through Logic to Inferred RAMs                                    ; On                 ; On                 ;
; Parallel Synthesis                                                         ; On                 ; On                 ;
; DSP Block Balancing                                                        ; Auto               ; Auto               ;
; NOT Gate Push-Back                                                         ; On                 ; On                 ;
; Power-Up Don't Care                                                        ; On                 ; On                 ;
; Remove Redundant Logic Cells                                               ; Off                ; Off                ;
; Remove Duplicate Registers                                                 ; On                 ; On                 ;
; Ignore CARRY Buffers                                                       ; Off                ; Off                ;
; Ignore CASCADE Buffers                                                     ; Off                ; Off                ;
; Ignore GLOBAL Buffers                                                      ; Off                ; Off                ;
; Ignore ROW GLOBAL Buffers                                                  ; Off                ; Off                ;
; Ignore LCELL Buffers                                                       ; Off                ; Off                ;
; Ignore SOFT Buffers                                                        ; On                 ; On                 ;
; Limit AHDL Integers to 32 Bits                                             ; Off                ; Off                ;
; Optimization Technique                                                     ; Balanced           ; Balanced           ;
; Carry Chain Length                                                         ; 70                 ; 70                 ;
; Auto Carry Chains                                                          ; On                 ; On                 ;
; Auto Open-Drain Pins                                                       ; On                 ; On                 ;
; Perform WYSIWYG Primitive Resynthesis                                      ; Off                ; Off                ;
; Auto ROM Replacement                                                       ; On                 ; On                 ;
; Auto RAM Replacement                                                       ; On                 ; On                 ;
; Auto DSP Block Replacement                                                 ; On                 ; On                 ;
; Auto Shift Register Replacement                                            ; Auto               ; Auto               ;
; Auto Clock Enable Replacement                                              ; On                 ; On                 ;
; Strict RAM Replacement                                                     ; Off                ; Off                ;
; Allow Synchronous Control Signals                                          ; On                 ; On                 ;
; Force Use of Synchronous Clear Signals                                     ; Off                ; Off                ;
; Auto RAM Block Balancing                                                   ; On                 ; On                 ;
; Auto RAM to Logic Cell Conversion                                          ; Off                ; Off                ;
; Auto Resource Sharing                                                      ; Off                ; Off                ;
; Allow Any RAM Size For Recognition                                         ; Off                ; Off                ;
; Allow Any ROM Size For Recognition                                         ; Off                ; Off                ;
; Allow Any Shift Register Size For Recognition                              ; Off                ; Off                ;
; Use LogicLock Constraints during Resource Balancing                        ; On                 ; On                 ;
; Ignore translate_off and synthesis_off directives                          ; Off                ; Off                ;
; Timing-Driven Synthesis                                                    ; Off                ; Off                ;
; Show Parameter Settings Tables in Synthesis Report                         ; On                 ; On                 ;
; Ignore Maximum Fan-Out Assignments                                         ; Off                ; Off                ;
; Synchronization Register Chain Length                                      ; 2                  ; 2                  ;
; PowerPlay Power Optimization                                               ; Normal compilation ; Normal compilation ;
; HDL message level                                                          ; Level2             ; Level2             ;
; Suppress Register Optimization Related Messages                            ; Off                ; Off                ;
; Number of Removed Registers Reported in Synthesis Report                   ; 100                ; 100                ;
; Number of Inverted Registers Reported in Synthesis Report                  ; 100                ; 100                ;
; Clock MUX Protection                                                       ; On                 ; On                 ;
; Auto Gated Clock Conversion                                                ; Off                ; Off                ;
; Block Design Naming                                                        ; Auto               ; Auto               ;
; SDC constraint protection                                                  ; Off                ; Off                ;
; Synthesis Effort                                                           ; Auto               ; Auto               ;
; Shift Register Replacement - Allow Asynchronous Clear Signal               ; On                 ; On                 ;
; Analysis & Synthesis Message Level                                         ; Medium             ; Medium             ;
; Disable Register Merging Across Hierarchies                                ; Auto               ; Auto               ;
; Resource Aware Inference For Block RAM                                     ; On                 ; On                 ;
+----------------------------------------------------------------------------+--------------------+--------------------+


Parallel compilation was disabled, but you have multiple processors available. Enable parallel compilation to reduce compilation time.
+-------------------------------------+
; Parallel Compilation                ;
+----------------------------+--------+
; Processors                 ; Number ;
+----------------------------+--------+
; Number detected on machine ; 4      ;
; Maximum allowed            ; 1      ;
+----------------------------+--------+


+--------------------------------------------------------------------------------------------------------------------------------------------------------------+
; Analysis & Synthesis Source Files Read                                                                                                                       ;
+----------------------------------+-----------------+------------------------------------+--------------------------------------------------------------------+
; File Name with User-Entered Path ; Used in Netlist ; File Type                          ; File Name with Absolute Path                                       ;
+----------------------------------+-----------------+------------------------------------+--------------------------------------------------------------------+
; Block1.bdf                       ; yes             ; User Block Diagram/Schematic File  ; C:/Users/Tyler/Documents/CEEN 3130/PowerComputer/Block1.bdf        ;
; PowerComputer.vhd                ; yes             ; User VHDL File                     ; C:/Users/Tyler/Documents/CEEN 3130/PowerComputer/PowerComputer.vhd ;
+----------------------------------+-----------------+------------------------------------+--------------------------------------------------------------------+


+-------------------------------------------------------+
; Analysis & Synthesis Resource Usage Summary           ;
+-----------------------------------------------+-------+
; Resource                                      ; Usage ;
+-----------------------------------------------+-------+
; Estimated ALUTs Used                          ; 67    ;
; Dedicated logic registers                     ; 45    ;
;                                               ;       ;
; Estimated ALUTs Unavailable                   ; 1     ;
;                                               ;       ;
; Total combinational functions                 ; 67    ;
; Combinational ALUT usage by number of inputs  ;       ;
;     -- 7 input functions                      ; 0     ;
;     -- 6 input functions                      ; 1     ;
;     -- 5 input functions                      ; 4     ;
;     -- 4 input functions                      ; 11    ;
;     -- <=3 input functions                    ; 51    ;
;                                               ;       ;
; Combinational ALUTs by mode                   ;       ;
;     -- normal mode                            ; 34    ;
;     -- extended LUT mode                      ; 0     ;
;     -- arithmetic mode                        ; 33    ;
;     -- shared arithmetic mode                 ; 0     ;
;                                               ;       ;
; Estimated ALUT/register pairs used            ; 82    ;
;                                               ;       ;
; Total registers                               ; 45    ;
;     -- Dedicated logic registers              ; 45    ;
;     -- I/O registers                          ; 0     ;
;                                               ;       ;
; Estimated ALMs:  partially or completely used ; 41    ;
;                                               ;       ;
; I/O pins                                      ; 82    ;
; Maximum fan-out node                          ; CLK   ;
; Maximum fan-out                               ; 45    ;
; Total fan-out                                 ; 448   ;
; Average fan-out                               ; 2.31  ;
+-----------------------------------------------+-------+


+------------------------------------------------------------------------------------------------------------------------------------------------------------------------------------------------------+
; Analysis & Synthesis Resource Utilization by Entity                                                                                                                                                  ;
+----------------------------+-------------------+--------------+-------------------+--------------+---------+-----------+-----------+------+--------------+----------------------------+--------------+
; Compilation Hierarchy Node ; LC Combinationals ; LC Registers ; Block Memory Bits ; DSP Elements ; DSP 9x9 ; DSP 18x18 ; DSP 36x36 ; Pins ; Virtual Pins ; Full Hierarchy Name        ; Library Name ;
+----------------------------+-------------------+--------------+-------------------+--------------+---------+-----------+-----------+------+--------------+----------------------------+--------------+
; |Block1                    ; 67 (0)            ; 45 (0)       ; 0                 ; 0            ; 0       ; 0         ; 0         ; 82   ; 0            ; |Block1                    ; work         ;
;    |ADD_SUB:inst1|         ; 25 (25)           ; 0 (0)        ; 0                 ; 0            ; 0       ; 0         ; 0         ; 0    ; 0            ; |Block1|ADD_SUB:inst1      ; work         ;
;    |ADD_SUB_BIT:inst11|    ; 8 (8)             ; 0 (0)        ; 0                 ; 0            ; 0       ; 0         ; 0         ; 0    ; 0            ; |Block1|ADD_SUB_BIT:inst11 ; work         ;
;    |COMPAR8:inst13|        ; 3 (3)             ; 0 (0)        ; 0                 ; 0            ; 0       ; 0         ; 0         ; 0    ; 0            ; |Block1|COMPAR8:inst13     ; work         ;
;    |COUNTER:inst14|        ; 9 (9)             ; 8 (8)        ; 0                 ; 0            ; 0       ; 0         ; 0         ; 0    ; 0            ; |Block1|COUNTER:inst14     ; work         ;
;    |MUX:inst7|             ; 8 (8)             ; 0 (0)        ; 0                 ; 0            ; 0       ; 0         ; 0         ; 0    ; 0            ; |Block1|MUX:inst7          ; work         ;
;    |PowerComputer:inst|    ; 10 (10)           ; 5 (5)        ; 0                 ; 0            ; 0       ; 0         ; 0         ; 0    ; 0            ; |Block1|PowerComputer:inst ; work         ;
;    |SHIFT:inst8|           ; 1 (1)             ; 8 (8)        ; 0                 ; 0            ; 0       ; 0         ; 0         ; 0    ; 0            ; |Block1|SHIFT:inst8        ; work         ;
;    |SHIFT:inst9|           ; 2 (2)             ; 8 (8)        ; 0                 ; 0            ; 0       ; 0         ; 0         ; 0    ; 0            ; |Block1|SHIFT:inst9        ; work         ;
;    |STOR_REG:inst10|       ; 1 (1)             ; 16 (16)      ; 0                 ; 0            ; 0       ; 0         ; 0         ; 0    ; 0            ; |Block1|STOR_REG:inst10    ; work         ;
+----------------------------+-------------------+--------------+-------------------+--------------+---------+-----------+-----------+------+--------------+----------------------------+--------------+
Note: For table entries with two numbers listed, the numbers in parentheses indicate the number of resources of the given type used by the specific entity alone. The numbers listed outside of parentheses indicate the total resources of the given type used by the specific entity and all of its sub-entities in the hierarchy.


Encoding Type:  One-Hot
+----------------------------------------------+
; State Machine - |Block1|PowerComputer:inst|Y ;
+------+------+------+------+------+-----------+
; Name ; Y.S4 ; Y.S3 ; Y.S2 ; Y.S1 ; Y.S0      ;
+------+------+------+------+------+-----------+
; Y.S0 ; 0    ; 0    ; 0    ; 0    ; 0         ;
; Y.S1 ; 0    ; 0    ; 0    ; 1    ; 1         ;
; Y.S2 ; 0    ; 0    ; 1    ; 0    ; 1         ;
; Y.S3 ; 0    ; 1    ; 0    ; 0    ; 1         ;
; Y.S4 ; 1    ; 0    ; 0    ; 0    ; 1         ;
+------+------+------+------+------+-----------+


+---------------------------------------------------------------------------------------------------+
; User-Specified and Inferred Latches                                                               ;
+----------------------------------------------------+---------------------+------------------------+
; Latch Name                                         ; Latch Enable Signal ; Free of Timing Hazards ;
+----------------------------------------------------+---------------------+------------------------+
; COMPAR16:inst12|LTn                                ; GND                 ; yes                    ;
; COMPAR8:inst13|EQn                                 ; GND                 ; yes                    ;
; Number of user-specified and inferred latches = 2  ;                     ;                        ;
+----------------------------------------------------+---------------------+------------------------+
Note: All latches listed above may not be present at the end of synthesis due to various synthesis optimizations.


+------------------------------------------------------+
; General Register Statistics                          ;
+----------------------------------------------+-------+
; Statistic                                    ; Value ;
+----------------------------------------------+-------+
; Total registers                              ; 45    ;
; Number of registers using Synchronous Clear  ; 24    ;
; Number of registers using Synchronous Load   ; 14    ;
; Number of registers using Asynchronous Clear ; 5     ;
; Number of registers using Asynchronous Load  ; 0     ;
; Number of registers using Clock Enable       ; 40    ;
; Number of registers using Preset             ; 0     ;
+----------------------------------------------+-------+


+-----------------------------------------------------------------------------------------------------------------------------------------------+
; Multiplexer Restructuring Statistics (Restructuring Performed)                                                                                ;
+--------------------+-----------+---------------+----------------------+------------------------+------------+---------------------------------+
; Multiplexer Inputs ; Bus Width ; Baseline Area ; Area if Restructured ; Saving if Restructured ; Registered ; Example Multiplexer Output      ;
+--------------------+-----------+---------------+----------------------+------------------------+------------+---------------------------------+
; 3:1                ; 8 bits    ; 16 ALUTs      ; 0 ALUTs              ; 16 ALUTs               ; Yes        ; |Block1|COUNTER:inst14|TEMP[0]  ;
; 3:1                ; 16 bits   ; 32 ALUTs      ; 0 ALUTs              ; 32 ALUTs               ; Yes        ; |Block1|STOR_REG:inst10|Dout[2] ;
; 3:1                ; 14 bits   ; 28 ALUTs      ; 0 ALUTs              ; 28 ALUTs               ; Yes        ; |Block1|SHIFT:inst9|TEMPout[3]  ;
; 3:1                ; 2 bits    ; 4 ALUTs       ; 2 ALUTs              ; 2 ALUTs                ; Yes        ; |Block1|SHIFT:inst9|TEMPout[0]  ;
; 4:1                ; 8 bits    ; 16 ALUTs      ; 16 ALUTs             ; 0 ALUTs                ; No         ; |Block1|ADD_SUB:inst1|Add0      ;
+--------------------+-----------+---------------+----------------------+------------------------+------------+---------------------------------+


+-------------------------------+
; Analysis & Synthesis Messages ;
+-------------------------------+
Info: *******************************************************************
Info: Running Quartus II Analysis & Synthesis
    Info: Version 9.1 Build 222 10/21/2009 SJ Web Edition
    Info: Processing started: Wed May 04 04:35:17 2016
Info: Command: quartus_map --read_settings_files=on --write_settings_files=off PowerComputer -c PowerComputer
Info: Found 1 design units, including 1 entities, in source file block1.bdf
    Info: Found entity 1: Block1
Warning: Entity "MUX" obtained from "C:/Users/Tyler/Documents/CEEN 3130/PowerComputer/PowerComputer.vhd" instead of from Quartus II megafunction library
Info: Found 20 design units, including 10 entities, in source file powercomputer.vhd
    Info: Found design unit 1: PowerComputer-BEHAVIOR
    Info: Found design unit 2: MUX-BEHAVIOR
    Info: Found design unit 3: COUNTER-BEHAVIOR
    Info: Found design unit 4: ADD_SUB-BEHAVIOR
    Info: Found design unit 5: ADD_SUB_BIT-BEHAVIOR
    Info: Found design unit 6: COMPAR8-BEHAVIOR
    Info: Found design unit 7: COMPAR16-BEHAVIOR
    Info: Found design unit 8: INVERT-BEHAVIOR
    Info: Found design unit 9: SHIFT-BEHAVIOR
    Info: Found design unit 10: STOR_REG-BEHAVIOR
    Info: Found entity 1: PowerComputer
    Info: Found entity 2: MUX
    Info: Found entity 3: COUNTER
    Info: Found entity 4: ADD_SUB
    Info: Found entity 5: ADD_SUB_BIT
    Info: Found entity 6: COMPAR8
    Info: Found entity 7: COMPAR16
    Info: Found entity 8: INVERT
    Info: Found entity 9: SHIFT
    Info: Found entity 10: STOR_REG
Info: Elaborating entity "Block1" for the top level hierarchy
Warning: Primitive "GND" of instance "inst25" not used
Warning: Primitive "GND" of instance "inst26" not used
Warning: Primitive "GND" of instance "inst27" not used
Info: Elaborating entity "COMPAR16" for hierarchy "COMPAR16:inst12"
Warning (10631): VHDL Process Statement warning at PowerComputer.vhd(267): inferring latch(es) for signal or variable "EQn", which holds its previous value in one or more paths through the process
Warning (10631): VHDL Process Statement warning at PowerComputer.vhd(267): inferring latch(es) for signal or variable "LTn", which holds its previous value in one or more paths through the process
Warning (10631): VHDL Process Statement warning at PowerComputer.vhd(267): inferring latch(es) for signal or variable "GTn", which holds its previous value in one or more paths through the process
Info (10041): Inferred latch for "GTn" at PowerComputer.vhd(267)
Info (10041): Inferred latch for "LTn" at PowerComputer.vhd(267)
Info (10041): Inferred latch for "EQn" at PowerComputer.vhd(267)
Info: Elaborating entity "STOR_REG" for hierarchy "STOR_REG:inst10"
Info: Elaborating entity "PowerComputer" for hierarchy "PowerComputer:inst"
Warning (10492): VHDL Process Statement warning at PowerComputer.vhd(70): signal "Y" is read inside the Process Statement but isn't in the Process Statement's sensitivity list
Warning (10492): VHDL Process Statement warning at PowerComputer.vhd(84): signal "VB_LSB" is read inside the Process Statement but isn't in the Process Statement's sensitivity list
Info: Elaborating entity "COMPAR8" for hierarchy "COMPAR8:inst13"
Warning (10631): VHDL Process Statement warning at PowerComputer.vhd(236): inferring latch(es) for signal or variable "EQn", which holds its previous value in one or more paths through the process
Warning (10631): VHDL Process Statement warning at PowerComputer.vhd(236): inferring latch(es) for signal or variable "LTn", which holds its previous value in one or more paths through the process
Warning (10631): VHDL Process Statement warning at PowerComputer.vhd(236): inferring latch(es) for signal or variable "GTn", which holds its previous value in one or more paths through the process
Info (10041): Inferred latch for "GTn" at PowerComputer.vhd(236)
Info (10041): Inferred latch for "LTn" at PowerComputer.vhd(236)
Info (10041): Inferred latch for "EQn" at PowerComputer.vhd(236)
Info: Elaborating entity "SHIFT" for hierarchy "SHIFT:inst8"
Warning (10492): VHDL Process Statement warning at PowerComputer.vhd(319): signal "TEMPout" is read inside the Process Statement but isn't in the Process Statement's sensitivity list
Warning (10492): VHDL Process Statement warning at PowerComputer.vhd(320): signal "TEMPout" is read inside the Process Statement but isn't in the Process Statement's sensitivity list
Info: Elaborating entity "MUX" for hierarchy "MUX:inst7"
Info: Elaborating entity "ADD_SUB_BIT" for hierarchy "ADD_SUB_BIT:inst11"
Warning (10492): VHDL Process Statement warning at PowerComputer.vhd(207): signal "P0" is read inside the Process Statement but isn't in the Process Statement's sensitivity list
Warning (10492): VHDL Process Statement warning at PowerComputer.vhd(208): signal "P1" is read inside the Process Statement but isn't in the Process Statement's sensitivity list
Warning (10492): VHDL Process Statement warning at PowerComputer.vhd(209): signal "P2" is read inside the Process Statement but isn't in the Process Statement's sensitivity list
Warning (10492): VHDL Process Statement warning at PowerComputer.vhd(210): signal "P3" is read inside the Process Statement but isn't in the Process Statement's sensitivity list
Warning (10492): VHDL Process Statement warning at PowerComputer.vhd(211): signal "P4" is read inside the Process Statement but isn't in the Process Statement's sensitivity list
Warning (10492): VHDL Process Statement warning at PowerComputer.vhd(212): signal "P5" is read inside the Process Statement but isn't in the Process Statement's sensitivity list
Warning (10492): VHDL Process Statement warning at PowerComputer.vhd(213): signal "P6" is read inside the Process Statement but isn't in the Process Statement's sensitivity list
Warning (10492): VHDL Process Statement warning at PowerComputer.vhd(214): signal "P7" is read inside the Process Statement but isn't in the Process Statement's sensitivity list
Info: Elaborating entity "INVERT" for hierarchy "INVERT:inst5"
Info: Elaborating entity "ADD_SUB" for hierarchy "ADD_SUB:inst1"
Warning (10492): VHDL Process Statement warning at PowerComputer.vhd(182): signal "TEMP" is read inside the Process Statement but isn't in the Process Statement's sensitivity list
Warning (10492): VHDL Process Statement warning at PowerComputer.vhd(184): signal "TEMP" is read inside the Process Statement but isn't in the Process Statement's sensitivity list
Info: Elaborating entity "COUNTER" for hierarchy "COUNTER:inst14"
Info: Implemented 180 device resources after synthesis - the final resource count might be different
    Info: Implemented 19 input pins
    Info: Implemented 63 output pins
    Info: Implemented 98 logic cells
Info: Quartus II Analysis & Synthesis was successful. 0 errors, 24 warnings
    Info: Peak virtual memory: 263 megabytes
    Info: Processing ended: Wed May 04 04:35:18 2016
    Info: Elapsed time: 00:00:01
    Info: Total CPU time (on all processors): 00:00:01


