Flow report for Mealy110
Mon Mar 07 11:55:10 2016
Quartus II Version 9.1 Build 222 10/21/2009 SJ Web Edition


---------------------
; Table of Contents ;
---------------------
  1. Legal Notice
  2. Flow Summary
  3. Flow Settings
  4. Flow Non-Default Global Settings
  5. Flow Elapsed Time
  6. Flow OS Summary
  7. Flow Log



----------------
; Legal Notice ;
----------------
Copyright (C) 1991-2009 Altera Corporation
Your use of Altera Corporation's design tools, logic functions 
and other software and tools, and its AMPP partner logic 
functions, and any output files from any of the foregoing 
(including device programming or simulation files), and any 
associated documentation or information are expressly subject 
to the terms and conditions of the Altera Program License 
Subscription Agreement, Altera MegaCore Function License 
Agreement, or other applicable license agreement, including, 
without limitation, that your use is for the sole purpose of 
programming logic devices manufactured by Altera and sold by 
Altera or its authorized distributors.  Please refer to the 
applicable agreement for further details.



+-------------------------------------------------------------------+
; Flow Summary                                                      ;
+-------------------------+-----------------------------------------+
; Flow Status             ; Successful - Mon Mar 07 11:55:10 2016   ;
; Quartus II Version      ; 9.1 Build 222 10/21/2009 SJ Web Edition ;
; Revision Name           ; Mealy110                                ;
; Top-level Entity Name   ; Mealy110                                ;
; Family                  ; MAX7000S                                ;
; Device                  ; EPM7128SLC84-7                          ;
; Timing Models           ; Final                                   ;
; Met timing requirements ; Yes                                     ;
; Total macrocells        ; 1 / 128 ( < 1 % )                       ;
; Total pins              ; 8 / 68 ( 12 % )                         ;
+-------------------------+-----------------------------------------+


+-----------------------------------------+
; Flow Settings                           ;
+-------------------+---------------------+
; Option            ; Setting             ;
+-------------------+---------------------+
; Start date & time ; 03/07/2016 11:55:08 ;
; Main task         ; Compilation         ;
; Revision Name     ; Mealy110            ;
+-------------------+---------------------+


+------------------------------------------------------------------------------------------------------------------+
; Flow Non-Default Global Settings                                                                                 ;
+------------------------------------+------------------------------+---------------+-------------+----------------+
; Assignment Name                    ; Value                        ; Default Value ; Entity Name ; Section Id     ;
+------------------------------------+------------------------------+---------------+-------------+----------------+
; COMPILER_SIGNATURE_ID              ; 414246533014.145737330818096 ; --            ; --          ; --             ;
; MAX_CORE_JUNCTION_TEMP             ; 85                           ; --            ; --          ; --             ;
; MIN_CORE_JUNCTION_TEMP             ; 0                            ; --            ; --          ; --             ;
; USE_GENERATED_PHYSICAL_CONSTRAINTS ; Off                          ; --            ; --          ; eda_blast_fpga ;
+------------------------------------+------------------------------+---------------+-------------+----------------+


+-----------------------------------------------------------------------------------------------------------------------------+
; Flow Elapsed Time                                                                                                           ;
+-------------------------+--------------+-------------------------+---------------------+------------------------------------+
; Module Name             ; Elapsed Time ; Average Processors Used ; Peak Virtual Memory ; Total CPU Time (on all processors) ;
+-------------------------+--------------+-------------------------+---------------------+------------------------------------+
; Analysis & Synthesis    ; 00:00:01     ; 1.0                     ; 253 MB              ; 00:00:01                           ;
; Fitter                  ; 00:00:00     ; 1.0                     ; 216 MB              ; 00:00:00                           ;
; Assembler               ; 00:00:00     ; 1.0                     ; 213 MB              ; 00:00:00                           ;
; Classic Timing Analyzer ; 00:00:00     ; 1.0                     ; 183 MB              ; 00:00:00                           ;
; Total                   ; 00:00:01     ; --                      ; --                  ; 00:00:01                           ;
+-------------------------+--------------+-------------------------+---------------------+------------------------------------+


+------------------------------------------------------------------------------------------+
; Flow OS Summary                                                                          ;
+-------------------------+------------------+---------------+------------+----------------+
; Module Name             ; Machine Hostname ; OS Name       ; OS Version ; Processor type ;
+-------------------------+------------------+---------------+------------+----------------+
; Analysis & Synthesis    ; Tyler-PC         ; Windows Vista ; 6.2        ; x86_64         ;
; Fitter                  ; Tyler-PC         ; Windows Vista ; 6.2        ; x86_64         ;
; Assembler               ; Tyler-PC         ; Windows Vista ; 6.2        ; x86_64         ;
; Classic Timing Analyzer ; Tyler-PC         ; Windows Vista ; 6.2        ; x86_64         ;
+-------------------------+------------------+---------------+------------+----------------+


------------
; Flow Log ;
------------
quartus_map --read_settings_files=on --write_settings_files=off Mealy110 -c Mealy110
quartus_fit --read_settings_files=off --write_settings_files=off Mealy110 -c Mealy110
quartus_asm --read_settings_files=off --write_settings_files=off Mealy110 -c Mealy110
quartus_tan --read_settings_files=off --write_settings_files=off Mealy110 -c Mealy110



